  comm.c
  dmach_dist.c
  etree.c
I:\OmranElmAfzar\OpenSees\OTHER\SuperLU_DIST_4.3\SRC\etree.c(48,1): warning C4996:  'sprintf': This function or variable may be unsafe. Consider using sprintf_s instead. To disable deprecation, use _CRT_SECURE_NO_WARNINGS. See online help for details.
C:\Program Files (x86)\Windows Kits\10\Include\10.0.18362.0\ucrt\stdio.h(1774): message :  see declaration of 'sprintf'
I:\OmranElmAfzar\OpenSees\OTHER\SuperLU_DIST_4.3\SRC\etree.c(393,1): warning C4996:  'sprintf': This function or variable may be unsafe. Consider using sprintf_s instead. To disable deprecation, use _CRT_SECURE_NO_WARNINGS. See online help for details.
C:\Program Files (x86)\Windows Kits\10\Include\10.0.18362.0\ucrt\stdio.h(1774): message :  see declaration of 'sprintf'
I:\OmranElmAfzar\OpenSees\OTHER\SuperLU_DIST_4.3\SRC\etree.c(395,1): warning C4996:  'sprintf': This function or variable may be unsafe. Consider using sprintf_s instead. To disable deprecation, use _CRT_SECURE_NO_WARNINGS. See online help for details.
C:\Program Files (x86)\Windows Kits\10\Include\10.0.18362.0\ucrt\stdio.h(1774): message :  see declaration of 'sprintf'
I:\OmranElmAfzar\OpenSees\OTHER\SuperLU_DIST_4.3\SRC\etree.c(397,1): warning C4996:  'sprintf': This function or variable may be unsafe. Consider using sprintf_s instead. To disable deprecation, use _CRT_SECURE_NO_WARNINGS. See online help for details.
  GetDiagU.c
C:\Program Files (x86)\Windows Kits\10\Include\10.0.18362.0\ucrt\stdio.h(1774): message :  see declaration of 'sprintf'
I:\OmranElmAfzar\OpenSees\OTHER\SuperLU_DIST_4.3\SRC\GetDiagU.c(73,1): warning C4996:  'sprintf': This function or variable may be unsafe. Consider using sprintf_s instead. To disable deprecation, use _CRT_SECURE_NO_WARNINGS. See online help for details.
  get_perm_c.c
C:\Program Files (x86)\Windows Kits\10\Include\10.0.18362.0\ucrt\stdio.h(1774): message :  see declaration of 'sprintf'
I:\OmranElmAfzar\OpenSees\OTHER\SuperLU_DIST_4.3\SRC\get_perm_c.c(41,1): warning C4996:  'sprintf': This function or variable may be unsafe. Consider using sprintf_s instead. To disable deprecation, use _CRT_SECURE_NO_WARNINGS. See online help for details.
C:\Program Files (x86)\Windows Kits\10\Include\10.0.18362.0\ucrt\stdio.h(1774): message :  see declaration of 'sprintf'
I:\OmranElmAfzar\OpenSees\OTHER\SuperLU_DIST_4.3\SRC\get_perm_c.c(32,27): warning C4101:  'b_rowind_int': unreferenced local variable
I:\OmranElmAfzar\OpenSees\OTHER\SuperLU_DIST_4.3\SRC\get_perm_c.c(32,12): warning C4101:  'b_colptr_int': unreferenced local variable
I:\OmranElmAfzar\OpenSees\OTHER\SuperLU_DIST_4.3\SRC\get_perm_c.c(204,22): warning C4477:  'fprintf' : format string '%ld' requires an argument of type 'long', but variadic argument 1 has type '__int64'
I:\OmranElmAfzar\OpenSees\OTHER\SuperLU_DIST_4.3\SRC\get_perm_c.c(204,22): message :  consider using '%lld' in the format string
I:\OmranElmAfzar\OpenSees\OTHER\SuperLU_DIST_4.3\SRC\get_perm_c.c(204,22): message :  consider using '%Id' in the format string
I:\OmranElmAfzar\OpenSees\OTHER\SuperLU_DIST_4.3\SRC\get_perm_c.c(204,22): message :  consider using '%I64d' in the format string
I:\OmranElmAfzar\OpenSees\OTHER\SuperLU_DIST_4.3\SRC\get_perm_c.c(135,1): warning C4996:  'sprintf': This function or variable may be unsafe. Consider using sprintf_s instead. To disable deprecation, use _CRT_SECURE_NO_WARNINGS. See online help for details.
C:\Program Files (x86)\Windows Kits\10\Include\10.0.18362.0\ucrt\stdio.h(1774): message :  see declaration of 'sprintf'
I:\OmranElmAfzar\OpenSees\OTHER\SuperLU_DIST_4.3\SRC\get_perm_c.c(137,1): warning C4996:  'sprintf': This function or variable may be unsafe. Consider using sprintf_s instead. To disable deprecation, use _CRT_SECURE_NO_WARNINGS. See online help for details.
C:\Program Files (x86)\Windows Kits\10\Include\10.0.18362.0\ucrt\stdio.h(1774): message :  see declaration of 'sprintf'
I:\OmranElmAfzar\OpenSees\OTHER\SuperLU_DIST_4.3\SRC\get_perm_c.c(139,1): warning C4996:  'sprintf': This function or variable may be unsafe. Consider using sprintf_s instead. To disable deprecation, use _CRT_SECURE_NO_WARNINGS. See online help for details.
C:\Program Files (x86)\Windows Kits\10\Include\10.0.18362.0\ucrt\stdio.h(1774): message :  see declaration of 'sprintf'
I:\OmranElmAfzar\OpenSees\OTHER\SuperLU_DIST_4.3\SRC\get_perm_c.c(201,1): warning C4996:  'sprintf': This function or variable may be unsafe. Consider using sprintf_s instead. To disable deprecation, use _CRT_SECURE_NO_WARNINGS. See online help for details.
C:\Program Files (x86)\Windows Kits\10\Include\10.0.18362.0\ucrt\stdio.h(1774): message :  see declaration of 'sprintf'
I:\OmranElmAfzar\OpenSees\OTHER\SuperLU_DIST_4.3\SRC\get_perm_c.c(205,1): warning C4996:  'sprintf': This function or variable may be unsafe. Consider using sprintf_s instead. To disable deprecation, use _CRT_SECURE_NO_WARNINGS. See online help for details.
C:\Program Files (x86)\Windows Kits\10\Include\10.0.18362.0\ucrt\stdio.h(1774): message :  see declaration of 'sprintf'
I:\OmranElmAfzar\OpenSees\OTHER\SuperLU_DIST_4.3\SRC\get_perm_c.c(271,1): warning C4996:  'sprintf': This function or variable may be unsafe. Consider using sprintf_s instead. To disable deprecation, use _CRT_SECURE_NO_WARNINGS. See online help for details.
C:\Program Files (x86)\Windows Kits\10\Include\10.0.18362.0\ucrt\stdio.h(1774): message :  see declaration of 'sprintf'
I:\OmranElmAfzar\OpenSees\OTHER\SuperLU_DIST_4.3\SRC\get_perm_c.c(273,1): warning C4996:  'sprintf': This function or variable may be unsafe. Consider using sprintf_s instead. To disable deprecation, use _CRT_SECURE_NO_WARNINGS. See online help for details.
C:\Program Files (x86)\Windows Kits\10\Include\10.0.18362.0\ucrt\stdio.h(1774): message :  see declaration of 'sprintf'
I:\OmranElmAfzar\OpenSees\OTHER\SuperLU_DIST_4.3\SRC\get_perm_c.c(275,1): warning C4996:  'sprintf': This function or variable may be unsafe. Consider using sprintf_s instead. To disable deprecation, use _CRT_SECURE_NO_WARNINGS. See online help for details.
C:\Program Files (x86)\Windows Kits\10\Include\10.0.18362.0\ucrt\stdio.h(1774): message :  see declaration of 'sprintf'
I:\OmranElmAfzar\OpenSees\OTHER\SuperLU_DIST_4.3\SRC\get_perm_c.c(340,1): warning C4996:  'sprintf': This function or variable may be unsafe. Consider using sprintf_s instead. To disable deprecation, use _CRT_SECURE_NO_WARNINGS. See online help for details.
C:\Program Files (x86)\Windows Kits\10\Include\10.0.18362.0\ucrt\stdio.h(1774): message :  see declaration of 'sprintf'
I:\OmranElmAfzar\OpenSees\OTHER\SuperLU_DIST_4.3\SRC\get_perm_c.c(343,1): warning C4996:  'sprintf': This function or variable may be unsafe. Consider using sprintf_s instead. To disable deprecation, use _CRT_SECURE_NO_WARNINGS. See online help for details.
C:\Program Files (x86)\Windows Kits\10\Include\10.0.18362.0\ucrt\stdio.h(1774): message :  see declaration of 'sprintf'
I:\OmranElmAfzar\OpenSees\OTHER\SuperLU_DIST_4.3\SRC\get_perm_c.c(445,1): warning C4996:  'sprintf': This function or variable may be unsafe. Consider using sprintf_s instead. To disable deprecation, use _CRT_SECURE_NO_WARNINGS. See online help for details.
C:\Program Files (x86)\Windows Kits\10\Include\10.0.18362.0\ucrt\stdio.h(1774): message :  see declaration of 'sprintf'
I:\OmranElmAfzar\OpenSees\OTHER\SuperLU_DIST_4.3\SRC\get_perm_c.c(466,1): warning C4996:  'sprintf': This function or variable may be unsafe. Consider using sprintf_s instead. To disable deprecation, use _CRT_SECURE_NO_WARNINGS. See online help for details.
C:\Program Files (x86)\Windows Kits\10\Include\10.0.18362.0\ucrt\stdio.h(1774): message :  see declaration of 'sprintf'
I:\OmranElmAfzar\OpenSees\OTHER\SuperLU_DIST_4.3\SRC\get_perm_c.c(484,1): warning C4996:  'sprintf': This function or variable may be unsafe. Consider using sprintf_s instead. To disable deprecation, use _CRT_SECURE_NO_WARNINGS. See online help for details.
C:\Program Files (x86)\Windows Kits\10\Include\10.0.18362.0\ucrt\stdio.h(1774): message :  see declaration of 'sprintf'
I:\OmranElmAfzar\OpenSees\OTHER\SuperLU_DIST_4.3\SRC\get_perm_c.c(495,1): warning C4996:  'sprintf': This function or variable may be unsafe. Consider using sprintf_s instead. To disable deprecation, use _CRT_SECURE_NO_WARNINGS. See online help for details.
C:\Program Files (x86)\Windows Kits\10\Include\10.0.18362.0\ucrt\stdio.h(1774): message :  see declaration of 'sprintf'
I:\OmranElmAfzar\OpenSees\OTHER\SuperLU_DIST_4.3\SRC\get_perm_c.c(497,1): warning C4996:  'sprintf': This function or variable may be unsafe. Consider using sprintf_s instead. To disable deprecation, use _CRT_SECURE_NO_WARNINGS. See online help for details.
C:\Program Files (x86)\Windows Kits\10\Include\10.0.18362.0\ucrt\stdio.h(1774): message :  see declaration of 'sprintf'
I:\OmranElmAfzar\OpenSees\OTHER\SuperLU_DIST_4.3\SRC\get_perm_c.c(499,1): warning C4996:  'sprintf': This function or variable may be unsafe. Consider using sprintf_s instead. To disable deprecation, use _CRT_SECURE_NO_WARNINGS. See online help for details.
C:\Program Files (x86)\Windows Kits\10\Include\10.0.18362.0\ucrt\stdio.h(1774): message :  see declaration of 'sprintf'
I:\OmranElmAfzar\OpenSees\OTHER\SuperLU_DIST_4.3\SRC\get_perm_c.c(501,1): warning C4996:  'sprintf': This function or variable may be unsafe. Consider using sprintf_s instead. To disable deprecation, use _CRT_SECURE_NO_WARNINGS. See online help for details.
C:\Program Files (x86)\Windows Kits\10\Include\10.0.18362.0\ucrt\stdio.h(1774): message :  see declaration of 'sprintf'
I:\OmranElmAfzar\OpenSees\OTHER\SuperLU_DIST_4.3\SRC\get_perm_c.c(503,1): warning C4996:  'sprintf': This function or variable may be unsafe. Consider using sprintf_s instead. To disable deprecation, use _CRT_SECURE_NO_WARNINGS. See online help for details.
  mc64ad_dist.c
C:\Program Files (x86)\Windows Kits\10\Include\10.0.18362.0\ucrt\stdio.h(1774): message :  see declaration of 'sprintf'
I:\OmranElmAfzar\OpenSees\OTHER\SuperLU_DIST_4.3\SRC\mc64ad_dist.c(16,1): warning C4005:  'min': macro redefinition
  memory.c
C:\Program Files (x86)\Windows Kits\10\Include\10.0.18362.0\ucrt\stdlib.h(1290): message :  see previous definition of 'min'
I:\OmranElmAfzar\OpenSees\OTHER\SuperLU_DIST_4.3\SRC\memory.c(255,26): warning C4244:  '=': conversion from 'double' to 'int_t', possible loss of data
I:\OmranElmAfzar\OpenSees\OTHER\SuperLU_DIST_4.3\SRC\memory.c(250,1): warning C4996:  'sprintf': This function or variable may be unsafe. Consider using sprintf_s instead. To disable deprecation, use _CRT_SECURE_NO_WARNINGS. See online help for details.
C:\Program Files (x86)\Windows Kits\10\Include\10.0.18362.0\ucrt\stdio.h(1774): message :  see declaration of 'sprintf'
I:\OmranElmAfzar\OpenSees\OTHER\SuperLU_DIST_4.3\SRC\memory.c(239,9): warning C4101:  'iam': unreferenced local variable
I:\OmranElmAfzar\OpenSees\OTHER\SuperLU_DIST_4.3\SRC\memory.c(389,1): warning C4996:  'sprintf': This function or variable may be unsafe. Consider using sprintf_s instead. To disable deprecation, use _CRT_SECURE_NO_WARNINGS. See online help for details.
C:\Program Files (x86)\Windows Kits\10\Include\10.0.18362.0\ucrt\stdio.h(1774): message :  see declaration of 'sprintf'
I:\OmranElmAfzar\OpenSees\OTHER\SuperLU_DIST_4.3\SRC\memory.c(455,29): warning C4244:  '=': conversion from 'float' to 'int_t', possible loss of data
I:\OmranElmAfzar\OpenSees\OTHER\SuperLU_DIST_4.3\SRC\memory.c(469,34): warning C4244:  '=': conversion from 'float' to 'int_t', possible loss of data
I:\OmranElmAfzar\OpenSees\OTHER\SuperLU_DIST_4.3\SRC\memory.c(493,34): warning C4244:  '=': conversion from 'float' to 'int_t', possible loss of data
  mmd.c
  psymbfact.c
I:\OmranElmAfzar\OpenSees\OTHER\SuperLU_DIST_4.3\SRC\memory.c(501,39): warning C4244:  '=': conversion from '__int64' to 'int_t', possible loss of data
I:\OmranElmAfzar\OpenSees\OTHER\SuperLU_DIST_4.3\SRC\psymbfact.c(506,10): warning C4477:  'printf' : format string '%ld' requires an argument of type 'long', but variadic argument 2 has type '__int64'
I:\OmranElmAfzar\OpenSees\OTHER\SuperLU_DIST_4.3\SRC\psymbfact.c(506,10): message :  consider using '%lld' in the format string
I:\OmranElmAfzar\OpenSees\OTHER\SuperLU_DIST_4.3\SRC\psymbfact.c(506,10): message :  consider using '%Id' in the format string
I:\OmranElmAfzar\OpenSees\OTHER\SuperLU_DIST_4.3\SRC\psymbfact.c(506,10): message :  consider using '%I64d' in the format string
I:\OmranElmAfzar\OpenSees\OTHER\SuperLU_DIST_4.3\SRC\psymbfact.c(509,10): warning C4477:  'printf' : format string '%ld' requires an argument of type 'long', but variadic argument 2 has type '__int64'
I:\OmranElmAfzar\OpenSees\OTHER\SuperLU_DIST_4.3\SRC\psymbfact.c(509,10): message :  consider using '%lld' in the format string
I:\OmranElmAfzar\OpenSees\OTHER\SuperLU_DIST_4.3\SRC\psymbfact.c(509,10): message :  consider using '%Id' in the format string
I:\OmranElmAfzar\OpenSees\OTHER\SuperLU_DIST_4.3\SRC\psymbfact.c(509,10): message :  consider using '%I64d' in the format string
I:\OmranElmAfzar\OpenSees\OTHER\SuperLU_DIST_4.3\SRC\psymbfact.c(240,9): warning C4101:  'stat_loc': unreferenced local variable
I:\OmranElmAfzar\OpenSees\OTHER\SuperLU_DIST_4.3\SRC\psymbfact.c(237,56): warning C4101:  'szLGr': unreferenced local variable
I:\OmranElmAfzar\OpenSees\OTHER\SuperLU_DIST_4.3\SRC\psymbfact.c(233,17): warning C4101:  'Astore': unreferenced local variable
I:\OmranElmAfzar\OpenSees\OTHER\SuperLU_DIST_4.3\SRC\psymbfact.c(240,38): warning C4101:  'mem_glob': unreferenced local variable
I:\OmranElmAfzar\OpenSees\OTHER\SuperLU_DIST_4.3\SRC\psymbfact.c(240,23): warning C4101:  'stat_glob': unreferenced local variable
I:\OmranElmAfzar\OpenSees\OTHER\SuperLU_DIST_4.3\SRC\psymbfact.c(234,51): warning C4101:  'p': unreferenced local variable
I:\OmranElmAfzar\OpenSees\OTHER\SuperLU_DIST_4.3\SRC\psymbfact.c(255,21): warning C4101:  'overestimMem': unreferenced local variable
I:\OmranElmAfzar\OpenSees\OTHER\SuperLU_DIST_4.3\SRC\psymbfact.c(237,63): warning C4101:  'szUGr': unreferenced local variable
I:\OmranElmAfzar\OpenSees\OTHER\SuperLU_DIST_4.3\SRC\psymbfact.c(255,9): warning C4101:  'totalMemLU': unreferenced local variable
I:\OmranElmAfzar\OpenSees\OTHER\SuperLU_DIST_4.3\SRC\psymbfact.c(239,29): warning C4101:  'nnzLU': unreferenced local variable
I:\OmranElmAfzar\OpenSees\OTHER\SuperLU_DIST_4.3\SRC\psymbfact.c(1157,1): warning C4996:  'sprintf': This function or variable may be unsafe. Consider using sprintf_s instead. To disable deprecation, use _CRT_SECURE_NO_WARNINGS. See online help for details.
C:\Program Files (x86)\Windows Kits\10\Include\10.0.18362.0\ucrt\stdio.h(1774): message :  see declaration of 'sprintf'
I:\OmranElmAfzar\OpenSees\OTHER\SuperLU_DIST_4.3\SRC\psymbfact.c(1326,1): warning C4996:  'sprintf': This function or variable may be unsafe. Consider using sprintf_s instead. To disable deprecation, use _CRT_SECURE_NO_WARNINGS. See online help for details.
C:\Program Files (x86)\Windows Kits\10\Include\10.0.18362.0\ucrt\stdio.h(1774): message :  see declaration of 'sprintf'
I:\OmranElmAfzar\OpenSees\OTHER\SuperLU_DIST_4.3\SRC\psymbfact.c(1328,1): warning C4996:  'sprintf': This function or variable may be unsafe. Consider using sprintf_s instead. To disable deprecation, use _CRT_SECURE_NO_WARNINGS. See online help for details.
C:\Program Files (x86)\Windows Kits\10\Include\10.0.18362.0\ucrt\stdio.h(1774): message :  see declaration of 'sprintf'
I:\OmranElmAfzar\OpenSees\OTHER\SuperLU_DIST_4.3\SRC\psymbfact.c(1330,1): warning C4996:  'sprintf': This function or variable may be unsafe. Consider using sprintf_s instead. To disable deprecation, use _CRT_SECURE_NO_WARNINGS. See online help for details.
C:\Program Files (x86)\Windows Kits\10\Include\10.0.18362.0\ucrt\stdio.h(1774): message :  see declaration of 'sprintf'
I:\OmranElmAfzar\OpenSees\OTHER\SuperLU_DIST_4.3\SRC\psymbfact.c(1332,1): warning C4996:  'sprintf': This function or variable may be unsafe. Consider using sprintf_s instead. To disable deprecation, use _CRT_SECURE_NO_WARNINGS. See online help for details.
C:\Program Files (x86)\Windows Kits\10\Include\10.0.18362.0\ucrt\stdio.h(1774): message :  see declaration of 'sprintf'
I:\OmranElmAfzar\OpenSees\OTHER\SuperLU_DIST_4.3\SRC\psymbfact.c(1504,1): warning C4996:  'sprintf': This function or variable may be unsafe. Consider using sprintf_s instead. To disable deprecation, use _CRT_SECURE_NO_WARNINGS. See online help for details.
C:\Program Files (x86)\Windows Kits\10\Include\10.0.18362.0\ucrt\stdio.h(1774): message :  see declaration of 'sprintf'
I:\OmranElmAfzar\OpenSees\OTHER\SuperLU_DIST_4.3\SRC\psymbfact.c(1506,1): warning C4996:  'sprintf': This function or variable may be unsafe. Consider using sprintf_s instead. To disable deprecation, use _CRT_SECURE_NO_WARNINGS. See online help for details.
C:\Program Files (x86)\Windows Kits\10\Include\10.0.18362.0\ucrt\stdio.h(1774): message :  see declaration of 'sprintf'
I:\OmranElmAfzar\OpenSees\OTHER\SuperLU_DIST_4.3\SRC\psymbfact.c(1550,1): warning C4996:  'sprintf': This function or variable may be unsafe. Consider using sprintf_s instead. To disable deprecation, use _CRT_SECURE_NO_WARNINGS. See online help for details.
C:\Program Files (x86)\Windows Kits\10\Include\10.0.18362.0\ucrt\stdio.h(1774): message :  see declaration of 'sprintf'
I:\OmranElmAfzar\OpenSees\OTHER\SuperLU_DIST_4.3\SRC\psymbfact.c(1552,1): warning C4996:  'sprintf': This function or variable may be unsafe. Consider using sprintf_s instead. To disable deprecation, use _CRT_SECURE_NO_WARNINGS. See online help for details.
C:\Program Files (x86)\Windows Kits\10\Include\10.0.18362.0\ucrt\stdio.h(1774): message :  see declaration of 'sprintf'
I:\OmranElmAfzar\OpenSees\OTHER\SuperLU_DIST_4.3\SRC\psymbfact.c(1239,10): warning C4101:  'nnz_remote': unreferenced local variable
I:\OmranElmAfzar\OpenSees\OTHER\SuperLU_DIST_4.3\SRC\psymbfact.c(1234,18): warning C4101:  'code_err': unreferenced local variable
I:\OmranElmAfzar\OpenSees\OTHER\SuperLU_DIST_4.3\SRC\psymbfact.c(1666,61): warning C4244:  '=': conversion from 'float' to 'int_t', possible loss of data
I:\OmranElmAfzar\OpenSees\OTHER\SuperLU_DIST_4.3\SRC\psymbfact.c(1667,61): warning C4244:  '=': conversion from 'float' to 'int_t', possible loss of data
I:\OmranElmAfzar\OpenSees\OTHER\SuperLU_DIST_4.3\SRC\psymbfact.c(1757,61): warning C4244:  '=': conversion from 'float' to 'int_t', possible loss of data
I:\OmranElmAfzar\OpenSees\OTHER\SuperLU_DIST_4.3\SRC\psymbfact.c(1758,61): warning C4244:  '=': conversion from 'float' to 'int_t', possible loss of data
I:\OmranElmAfzar\OpenSees\OTHER\SuperLU_DIST_4.3\SRC\psymbfact.c(1852,45): warning C4244:  '=': conversion from 'float' to 'int_t', possible loss of data
I:\OmranElmAfzar\OpenSees\OTHER\SuperLU_DIST_4.3\SRC\psymbfact.c(1853,45): warning C4244:  '=': conversion from 'float' to 'int_t', possible loss of data
I:\OmranElmAfzar\OpenSees\OTHER\SuperLU_DIST_4.3\SRC\psymbfact.c(1857,28): warning C4244:  'return': conversion from 'float' to 'int', possible loss of data
I:\OmranElmAfzar\OpenSees\OTHER\SuperLU_DIST_4.3\SRC\psymbfact.c(1823,11): warning C4101:  'xsup': unreferenced local variable
I:\OmranElmAfzar\OpenSees\OTHER\SuperLU_DIST_4.3\SRC\psymbfact.c(2087,1): warning C4996:  'sprintf': This function or variable may be unsafe. Consider using sprintf_s instead. To disable deprecation, use _CRT_SECURE_NO_WARNINGS. See online help for details.
C:\Program Files (x86)\Windows Kits\10\Include\10.0.18362.0\ucrt\stdio.h(1774): message :  see declaration of 'sprintf'
I:\OmranElmAfzar\OpenSees\OTHER\SuperLU_DIST_4.3\SRC\psymbfact.c(1951,24): warning C4101:  'kk': unreferenced local variable
I:\OmranElmAfzar\OpenSees\OTHER\SuperLU_DIST_4.3\SRC\psymbfact.c(1947,53): warning C4101:  'jj': unreferenced local variable
I:\OmranElmAfzar\OpenSees\OTHER\SuperLU_DIST_4.3\SRC\psymbfact.c(1947,26): warning C4101:  'pr': unreferenced local variable
I:\OmranElmAfzar\OpenSees\OTHER\SuperLU_DIST_4.3\SRC\psymbfact.c(1947,49): warning C4101:  'ii': unreferenced local variable
I:\OmranElmAfzar\OpenSees\OTHER\SuperLU_DIST_4.3\SRC\psymbfact.c(2155,41): warning C4101:  'fstVtx_srcUpd_lid': unreferenced local variable
I:\OmranElmAfzar\OpenSees\OTHER\SuperLU_DIST_4.3\SRC\psymbfact.c(2416,22): warning C4101:  'x_aind_end': unreferenced local variable
I:\OmranElmAfzar\OpenSees\OTHER\SuperLU_DIST_4.3\SRC\psymbfact.c(2414,10): warning C4101:  'ind': unreferenced local variable
I:\OmranElmAfzar\OpenSees\OTHER\SuperLU_DIST_4.3\SRC\psymbfact.c(2412,11): warning C4101:  'xsup': unreferenced local variable
I:\OmranElmAfzar\OpenSees\OTHER\SuperLU_DIST_4.3\SRC\psymbfact.c(2416,10): warning C4101:  'x_aind_beg': unreferenced local variable
I:\OmranElmAfzar\OpenSees\OTHER\SuperLU_DIST_4.3\SRC\psymbfact.c(2414,19): warning C4101:  'pr_elt': unreferenced local variable
I:\OmranElmAfzar\OpenSees\OTHER\SuperLU_DIST_4.3\SRC\psymbfact.c(2414,15): warning C4101:  'pr': unreferenced local variable
I:\OmranElmAfzar\OpenSees\OTHER\SuperLU_DIST_4.3\SRC\psymbfact.c(2413,34): warning C4101:  'vtx_super': unreferenced local variable
I:\OmranElmAfzar\OpenSees\OTHER\SuperLU_DIST_4.3\SRC\psymbfact.c(2414,39): warning C4101:  'vtx_elt_lid': unreferenced local variable
I:\OmranElmAfzar\OpenSees\OTHER\SuperLU_DIST_4.3\SRC\psymbfact.c(2418,17): warning C4101:  'neltsCurSep': unreferenced local variable
I:\OmranElmAfzar\OpenSees\OTHER\SuperLU_DIST_4.3\SRC\psymbfact.c(2879,56): warning C4101:  'vtx_elt': unreferenced local variable
I:\OmranElmAfzar\OpenSees\OTHER\SuperLU_DIST_4.3\SRC\psymbfact.c(2882,14): warning C4101:  'status': unreferenced local variable
I:\OmranElmAfzar\OpenSees\OTHER\SuperLU_DIST_4.3\SRC\psymbfact.c(2878,26): warning C4101:  'code_err': unreferenced local variable
I:\OmranElmAfzar\OpenSees\OTHER\SuperLU_DIST_4.3\SRC\psymbfact.c(2873,23): warning C4101:  'x_aind_beg': unreferenced local variable
I:\OmranElmAfzar\OpenSees\OTHER\SuperLU_DIST_4.3\SRC\psymbfact.c(2879,65): warning C4101:  'p': unreferenced local variable
I:\OmranElmAfzar\OpenSees\OTHER\SuperLU_DIST_4.3\SRC\psymbfact.c(2879,12): warning C4101:  'j': unreferenced local variable
I:\OmranElmAfzar\OpenSees\OTHER\SuperLU_DIST_4.3\SRC\psymbfact.c(2879,9): warning C4101:  'i': unreferenced local variable
I:\OmranElmAfzar\OpenSees\OTHER\SuperLU_DIST_4.3\SRC\psymbfact.c(3228,28): warning C4101:  'nelts_vtx': unreferenced local variable
I:\OmranElmAfzar\OpenSees\OTHER\SuperLU_DIST_4.3\SRC\psymbfact.c(3228,39): warning C4101:  'expand': unreferenced local variable
I:\OmranElmAfzar\OpenSees\OTHER\SuperLU_DIST_4.3\SRC\psymbfact.c(4010,29): warning C4244:  '=': conversion from 'float' to 'int_t', possible loss of data
I:\OmranElmAfzar\OpenSees\OTHER\SuperLU_DIST_4.3\SRC\psymbfact.c(3696,1): warning C4996:  'sprintf': This function or variable may be unsafe. Consider using sprintf_s instead. To disable deprecation, use _CRT_SECURE_NO_WARNINGS. See online help for details.
C:\Program Files (x86)\Windows Kits\10\Include\10.0.18362.0\ucrt\stdio.h(1774): message :  see declaration of 'sprintf'
I:\OmranElmAfzar\OpenSees\OTHER\SuperLU_DIST_4.3\SRC\psymbfact.c(3737,1): warning C4996:  'sprintf': This function or variable may be unsafe. Consider using sprintf_s instead. To disable deprecation, use _CRT_SECURE_NO_WARNINGS. See online help for details.
C:\Program Files (x86)\Windows Kits\10\Include\10.0.18362.0\ucrt\stdio.h(1774): message :  see declaration of 'sprintf'
I:\OmranElmAfzar\OpenSees\OTHER\SuperLU_DIST_4.3\SRC\psymbfact.c(3798,1): warning C4996:  'sprintf': This function or variable may be unsafe. Consider using sprintf_s instead. To disable deprecation, use _CRT_SECURE_NO_WARNINGS. See online help for details.
C:\Program Files (x86)\Windows Kits\10\Include\10.0.18362.0\ucrt\stdio.h(1774): message :  see declaration of 'sprintf'
I:\OmranElmAfzar\OpenSees\OTHER\SuperLU_DIST_4.3\SRC\psymbfact.c(3665,36): warning C4101:  'cntelt_vtcs': unreferenced local variable
I:\OmranElmAfzar\OpenSees\OTHER\SuperLU_DIST_4.3\SRC\psymbfact.c(4259,1): warning C4996:  'sprintf': This function or variable may be unsafe. Consider using sprintf_s instead. To disable deprecation, use _CRT_SECURE_NO_WARNINGS. See online help for details.
C:\Program Files (x86)\Windows Kits\10\Include\10.0.18362.0\ucrt\stdio.h(1774): message :  see declaration of 'sprintf'
I:\OmranElmAfzar\OpenSees\OTHER\SuperLU_DIST_4.3\SRC\psymbfact.c(4408,1): warning C4996:  'sprintf': This function or variable may be unsafe. Consider using sprintf_s instead. To disable deprecation, use _CRT_SECURE_NO_WARNINGS. See online help for details.
C:\Program Files (x86)\Windows Kits\10\Include\10.0.18362.0\ucrt\stdio.h(1774): message :  see declaration of 'sprintf'
I:\OmranElmAfzar\OpenSees\OTHER\SuperLU_DIST_4.3\SRC\psymbfact.c(4416,1): warning C4996:  'sprintf': This function or variable may be unsafe. Consider using sprintf_s instead. To disable deprecation, use _CRT_SECURE_NO_WARNINGS. See online help for details.
C:\Program Files (x86)\Windows Kits\10\Include\10.0.18362.0\ucrt\stdio.h(1774): message :  see declaration of 'sprintf'
I:\OmranElmAfzar\OpenSees\OTHER\SuperLU_DIST_4.3\SRC\psymbfact.c(4420,1): warning C4996:  'sprintf': This function or variable may be unsafe. Consider using sprintf_s instead. To disable deprecation, use _CRT_SECURE_NO_WARNINGS. See online help for details.
C:\Program Files (x86)\Windows Kits\10\Include\10.0.18362.0\ucrt\stdio.h(1774): message :  see declaration of 'sprintf'
I:\OmranElmAfzar\OpenSees\OTHER\SuperLU_DIST_4.3\SRC\psymbfact.c(4424,1): warning C4996:  'sprintf': This function or variable may be unsafe. Consider using sprintf_s instead. To disable deprecation, use _CRT_SECURE_NO_WARNINGS. See online help for details.
C:\Program Files (x86)\Windows Kits\10\Include\10.0.18362.0\ucrt\stdio.h(1774): message :  see declaration of 'sprintf'
I:\OmranElmAfzar\OpenSees\OTHER\SuperLU_DIST_4.3\SRC\psymbfact.c(4180,18): warning C4101:  'sent_msgs': unreferenced local variable
I:\OmranElmAfzar\OpenSees\OTHER\SuperLU_DIST_4.3\SRC\psymbfact.c(4180,9): warning C4101:  'req_ind': unreferenced local variable
I:\OmranElmAfzar\OpenSees\OTHER\SuperLU_DIST_4.3\SRC\psymbfact.c(4173,44): warning C4101:  'count': unreferenced local variable
I:\OmranElmAfzar\OpenSees\OTHER\SuperLU_DIST_4.3\SRC\psymbfact.c(4167,25): warning C4101:  'snd_interLvl1': unreferenced local variable
I:\OmranElmAfzar\OpenSees\OTHER\SuperLU_DIST_4.3\SRC\psymbfact.c(4176,17): warning C4101:  'prElt_ind': unreferenced local variable
I:\OmranElmAfzar\OpenSees\OTHER\SuperLU_DIST_4.3\SRC\psymbfact.c(4167,41): warning C4101:  'snd_interLvl2': unreferenced local variable
I:\OmranElmAfzar\OpenSees\OTHER\SuperLU_DIST_4.3\SRC\psymbfact.c(4180,29): warning C4101:  'req_ind_snd': unreferenced local variable
I:\OmranElmAfzar\OpenSees\OTHER\SuperLU_DIST_4.3\SRC\psymbfact.c(4555,20): warning C4101:  'k': unreferenced local variable
I:\OmranElmAfzar\OpenSees\OTHER\SuperLU_DIST_4.3\SRC\psymbfact.c(4556,7): warning C4101:  'np': unreferenced local variable
I:\OmranElmAfzar\OpenSees\OTHER\SuperLU_DIST_4.3\SRC\psymbfact.c(4591,24): warning C4101:  'k': unreferenced local variable
I:\OmranElmAfzar\OpenSees\OTHER\SuperLU_DIST_4.3\SRC\psymbfact.c(4592,34): warning C4101:  'code_err': unreferenced local variable
I:\OmranElmAfzar\OpenSees\OTHER\SuperLU_DIST_4.3\SRC\psymbfact.c(4592,31): warning C4101:  'p': unreferenced local variable
I:\OmranElmAfzar\OpenSees\OTHER\SuperLU_DIST_4.3\SRC\psymbfact.c(4591,20): warning C4101:  'jj': unreferenced local variable
I:\OmranElmAfzar\OpenSees\OTHER\SuperLU_DIST_4.3\SRC\psymbfact.c(4592,7): warning C4101:  'np': unreferenced local variable
I:\OmranElmAfzar\OpenSees\OTHER\SuperLU_DIST_4.3\SRC\psymbfact.c(4760,1): warning C4996:  'sprintf': This function or variable may be unsafe. Consider using sprintf_s instead. To disable deprecation, use _CRT_SECURE_NO_WARNINGS. See online help for details.
C:\Program Files (x86)\Windows Kits\10\Include\10.0.18362.0\ucrt\stdio.h(1774): message :  see declaration of 'sprintf'
I:\OmranElmAfzar\OpenSees\OTHER\SuperLU_DIST_4.3\SRC\psymbfact.c(4797,1): warning C4996:  'sprintf': This function or variable may be unsafe. Consider using sprintf_s instead. To disable deprecation, use _CRT_SECURE_NO_WARNINGS. See online help for details.
C:\Program Files (x86)\Windows Kits\10\Include\10.0.18362.0\ucrt\stdio.h(1774): message :  see declaration of 'sprintf'
I:\OmranElmAfzar\OpenSees\OTHER\SuperLU_DIST_4.3\SRC\psymbfact.c(4922,1): warning C4996:  'sprintf': This function or variable may be unsafe. Consider using sprintf_s instead. To disable deprecation, use _CRT_SECURE_NO_WARNINGS. See online help for details.
C:\Program Files (x86)\Windows Kits\10\Include\10.0.18362.0\ucrt\stdio.h(1774): message :  see declaration of 'sprintf'
I:\OmranElmAfzar\OpenSees\OTHER\SuperLU_DIST_4.3\SRC\psymbfact.c(4672,9): warning C4101:  'snd_LinterLvlSz': unreferenced local variable
I:\OmranElmAfzar\OpenSees\OTHER\SuperLU_DIST_4.3\SRC\psymbfact.c(4671,42): warning C4101:  'prElt': unreferenced local variable
I:\OmranElmAfzar\OpenSees\OTHER\SuperLU_DIST_4.3\SRC\psymbfact.c(4671,25): warning C4101:  'fstBlk': unreferenced local variable
I:\OmranElmAfzar\OpenSees\OTHER\SuperLU_DIST_4.3\SRC\psymbfact.c(4670,16): warning C4101:  'vtx_loc': unreferenced local variable
I:\OmranElmAfzar\OpenSees\OTHER\SuperLU_DIST_4.3\SRC\psymbfact.c(4662,50): warning C4101:  'curblk_loc': unreferenced local variable
I:\OmranElmAfzar\OpenSees\OTHER\SuperLU_DIST_4.3\SRC\psymbfact.c(4662,42): warning C4101:  'vtxLvl': unreferenced local variable
I:\OmranElmAfzar\OpenSees\OTHER\SuperLU_DIST_4.3\SRC\psymbfact.c(4669,46): warning C4101:  'snd_vtxLvl': unreferenced local variable
I:\OmranElmAfzar\OpenSees\OTHER\SuperLU_DIST_4.3\SRC\psymbfact.c(4670,9): warning C4101:  'count': unreferenced local variable
I:\OmranElmAfzar\OpenSees\OTHER\SuperLU_DIST_4.3\SRC\psymbfact.c(4671,9): warning C4101:  'fstVtx_blk_loc': unreferenced local variable
I:\OmranElmAfzar\OpenSees\OTHER\SuperLU_DIST_4.3\SRC\psymbfact.c(4672,46): warning C4101:  'prElt_ind': unreferenced local variable
I:\OmranElmAfzar\OpenSees\OTHER\SuperLU_DIST_4.3\SRC\psymbfact.c(4672,26): warning C4101:  'fstVtx_blk_loc_lid': unreferenced local variable
I:\OmranElmAfzar\OpenSees\OTHER\SuperLU_DIST_4.3\SRC\psymbfact.c(4669,37): warning C4101:  'ind_blk': unreferenced local variable
I:\OmranElmAfzar\OpenSees\OTHER\SuperLU_DIST_4.3\SRC\psymbfact.c(5159,51): warning C4244:  '=': conversion from 'double' to 'float', possible loss of data
I:\OmranElmAfzar\OpenSees\OTHER\SuperLU_DIST_4.3\SRC\psymbfact.c(5161,65): warning C4244:  '+=': conversion from 'double' to 'float', possible loss of data
  psymbfact_util.c
I:\OmranElmAfzar\OpenSees\OTHER\SuperLU_DIST_4.3\SRC\psymbfact.c(5152,17): warning C4101:  'other_mem': unreferenced local variable
I:\OmranElmAfzar\OpenSees\OTHER\SuperLU_DIST_4.3\SRC\psymbfact_util.c(50,29): warning C4244:  '=': conversion from 'float' to 'int_t', possible loss of data
I:\OmranElmAfzar\OpenSees\OTHER\SuperLU_DIST_4.3\SRC\psymbfact_util.c(45,32): warning C4101:  'extra': unreferenced local variable
I:\OmranElmAfzar\OpenSees\OTHER\SuperLU_DIST_4.3\SRC\psymbfact_util.c(45,39): warning C4101:  'bytes_to_copy': unreferenced local variable
I:\OmranElmAfzar\OpenSees\OTHER\SuperLU_DIST_4.3\SRC\psymbfact_util.c(45,18): warning C4101:  'tries': unreferenced local variable
I:\OmranElmAfzar\OpenSees\OTHER\SuperLU_DIST_4.3\SRC\psymbfact_util.c(223,44): warning C4101:  'xsub_nextLvl': unreferenced local variable
I:\OmranElmAfzar\OpenSees\OTHER\SuperLU_DIST_4.3\SRC\psymbfact_util.c(422,1): warning C4996:  'sprintf': This function or variable may be unsafe. Consider using sprintf_s instead. To disable deprecation, use _CRT_SECURE_NO_WARNINGS. See online help for details.
C:\Program Files (x86)\Windows Kits\10\Include\10.0.18362.0\ucrt\stdio.h(1774): message :  see declaration of 'sprintf'
I:\OmranElmAfzar\OpenSees\OTHER\SuperLU_DIST_4.3\SRC\psymbfact_util.c(390,44): warning C4101:  'xsub_nextLvl': unreferenced local variable
I:\OmranElmAfzar\OpenSees\OTHER\SuperLU_DIST_4.3\SRC\psymbfact_util.c(390,9): warning C4101:  'exp': unreferenced local variable
I:\OmranElmAfzar\OpenSees\OTHER\SuperLU_DIST_4.3\SRC\psymbfact_util.c(394,9): warning C4101:  'fstVtxLvl_loc_lid': unreferenced local variable
I:\OmranElmAfzar\OpenSees\OTHER\SuperLU_DIST_4.3\SRC\psymbfact_util.c(515,1): warning C4996:  'sprintf': This function or variable may be unsafe. Consider using sprintf_s instead. To disable deprecation, use _CRT_SECURE_NO_WARNINGS. See online help for details.
C:\Program Files (x86)\Windows Kits\10\Include\10.0.18362.0\ucrt\stdio.h(1774): message :  see declaration of 'sprintf'
I:\OmranElmAfzar\OpenSees\OTHER\SuperLU_DIST_4.3\SRC\psymbfact_util.c(537,1): warning C4996:  'sprintf': This function or variable may be unsafe. Consider using sprintf_s instead. To disable deprecation, use _CRT_SECURE_NO_WARNINGS. See online help for details.
  pxerr_dist.c
  smach_dist.c
C:\Program Files (x86)\Windows Kits\10\Include\10.0.18362.0\ucrt\stdio.h(1774): message :  see declaration of 'sprintf'
I:\OmranElmAfzar\OpenSees\OTHER\SuperLU_DIST_4.3\SRC\smach_dist.c(57,22): warning C4305:  '=': truncation from 'double' to 'float'
I:\OmranElmAfzar\OpenSees\OTHER\SuperLU_DIST_4.3\SRC\smach_dist.c(61,44): warning C4244:  '=': conversion from 'double' to 'float', possible loss of data
  sp_colorder.c
I:\OmranElmAfzar\OpenSees\OTHER\SuperLU_DIST_4.3\SRC\smach_dist.c(71,20): warning C4244:  '=': conversion from 'int' to 'float', possible loss of data
I:\OmranElmAfzar\OpenSees\OTHER\SuperLU_DIST_4.3\SRC\sp_colorder.c(95,1): warning C4996:  'sprintf': This function or variable may be unsafe. Consider using sprintf_s instead. To disable deprecation, use _CRT_SECURE_NO_WARNINGS. See online help for details.
C:\Program Files (x86)\Windows Kits\10\Include\10.0.18362.0\ucrt\stdio.h(1774): message :  see declaration of 'sprintf'
I:\OmranElmAfzar\OpenSees\OTHER\SuperLU_DIST_4.3\SRC\sp_colorder.c(100,1): warning C4996:  'sprintf': This function or variable may be unsafe. Consider using sprintf_s instead. To disable deprecation, use _CRT_SECURE_NO_WARNINGS. See online help for details.
C:\Program Files (x86)\Windows Kits\10\Include\10.0.18362.0\ucrt\stdio.h(1774): message :  see declaration of 'sprintf'
I:\OmranElmAfzar\OpenSees\OTHER\SuperLU_DIST_4.3\SRC\sp_colorder.c(102,1): warning C4996:  'sprintf': This function or variable may be unsafe. Consider using sprintf_s instead. To disable deprecation, use _CRT_SECURE_NO_WARNINGS. See online help for details.
C:\Program Files (x86)\Windows Kits\10\Include\10.0.18362.0\ucrt\stdio.h(1774): message :  see declaration of 'sprintf'
I:\OmranElmAfzar\OpenSees\OTHER\SuperLU_DIST_4.3\SRC\sp_colorder.c(122,1): warning C4996:  'sprintf': This function or variable may be unsafe. Consider using sprintf_s instead. To disable deprecation, use _CRT_SECURE_NO_WARNINGS. See online help for details.
C:\Program Files (x86)\Windows Kits\10\Include\10.0.18362.0\ucrt\stdio.h(1774): message :  see declaration of 'sprintf'
I:\OmranElmAfzar\OpenSees\OTHER\SuperLU_DIST_4.3\SRC\sp_colorder.c(142,1): warning C4996:  'sprintf': This function or variable may be unsafe. Consider using sprintf_s instead. To disable deprecation, use _CRT_SECURE_NO_WARNINGS. See online help for details.
C:\Program Files (x86)\Windows Kits\10\Include\10.0.18362.0\ucrt\stdio.h(1774): message :  see declaration of 'sprintf'
I:\OmranElmAfzar\OpenSees\OTHER\SuperLU_DIST_4.3\SRC\sp_colorder.c(220,1): warning C4996:  'sprintf': This function or variable may be unsafe. Consider using sprintf_s instead. To disable deprecation, use _CRT_SECURE_NO_WARNINGS. See online help for details.
  sp_ienv.c
C:\Program Files (x86)\Windows Kits\10\Include\10.0.18362.0\ucrt\stdio.h(1774): message :  see declaration of 'sprintf'
I:\OmranElmAfzar\OpenSees\OTHER\SuperLU_DIST_4.3\SRC\sp_ienv.c(78,1): warning C4996:  'getenv': This function or variable may be unsafe. Consider using _dupenv_s instead. To disable deprecation, use _CRT_SECURE_NO_WARNINGS. See online help for details.
C:\Program Files (x86)\Windows Kits\10\Include\10.0.18362.0\ucrt\stdlib.h(1191): message :  see declaration of 'getenv'
I:\OmranElmAfzar\OpenSees\OTHER\SuperLU_DIST_4.3\SRC\sp_ienv.c(87,1): warning C4996:  'getenv': This function or variable may be unsafe. Consider using _dupenv_s instead. To disable deprecation, use _CRT_SECURE_NO_WARNINGS. See online help for details.
C:\Program Files (x86)\Windows Kits\10\Include\10.0.18362.0\ucrt\stdlib.h(1191): message :  see declaration of 'getenv'
I:\OmranElmAfzar\OpenSees\OTHER\SuperLU_DIST_4.3\SRC\sp_ienv.c(98,1): warning C4996:  'getenv': This function or variable may be unsafe. Consider using _dupenv_s instead. To disable deprecation, use _CRT_SECURE_NO_WARNINGS. See online help for details.
  static_schedule.c
C:\Program Files (x86)\Windows Kits\10\Include\10.0.18362.0\ucrt\stdlib.h(1191): message :  see declaration of 'getenv'
I:\OmranElmAfzar\OpenSees\OTHER\SuperLU_DIST_4.3\SRC\static_schedule.c(404,32): warning C4244:  '=': conversion from 'int' to 'float', possible loss of data
I:\OmranElmAfzar\OpenSees\OTHER\SuperLU_DIST_4.3\SRC\static_schedule.c(405,33): warning C4244:  '=': conversion from 'int' to 'float', possible loss of data
I:\OmranElmAfzar\OpenSees\OTHER\SuperLU_DIST_4.3\SRC\static_schedule.c(406,40): warning C4244:  'function': conversion from 'float' to '__int64', possible loss of data
I:\OmranElmAfzar\OpenSees\OTHER\SuperLU_DIST_4.3\SRC\static_schedule.c(481,32): warning C4244:  '=': conversion from 'int' to 'float', possible loss of data
I:\OmranElmAfzar\OpenSees\OTHER\SuperLU_DIST_4.3\SRC\static_schedule.c(482,33): warning C4244:  '=': conversion from 'int' to 'float', possible loss of data
I:\OmranElmAfzar\OpenSees\OTHER\SuperLU_DIST_4.3\SRC\static_schedule.c(483,39): warning C4244:  'function': conversion from 'float' to '__int64', possible loss of data
I:\OmranElmAfzar\OpenSees\OTHER\SuperLU_DIST_4.3\SRC\static_schedule.c(768,51): warning C4244:  '=': conversion from 'int' to 'float', possible loss of data
I:\OmranElmAfzar\OpenSees\OTHER\SuperLU_DIST_4.3\SRC\static_schedule.c(769,31): warning C4244:  'function': conversion from 'float' to '__int64', possible loss of data
I:\OmranElmAfzar\OpenSees\OTHER\SuperLU_DIST_4.3\SRC\static_schedule.c(817,32): warning C4244:  'function': conversion from 'float' to '__int64', possible loss of data
I:\OmranElmAfzar\OpenSees\OTHER\SuperLU_DIST_4.3\SRC\static_schedule.c(946,71): warning C4244:  'function': conversion from 'float' to '__int64', possible loss of data
I:\OmranElmAfzar\OpenSees\OTHER\SuperLU_DIST_4.3\SRC\static_schedule.c(267,1): warning C4996:  'sprintf': This function or variable may be unsafe. Consider using sprintf_s instead. To disable deprecation, use _CRT_SECURE_NO_WARNINGS. See online help for details.
C:\Program Files (x86)\Windows Kits\10\Include\10.0.18362.0\ucrt\stdio.h(1774): message :  see declaration of 'sprintf'
I:\OmranElmAfzar\OpenSees\OTHER\SuperLU_DIST_4.3\SRC\static_schedule.c(335,1): warning C4996:  'sprintf': This function or variable may be unsafe. Consider using sprintf_s instead. To disable deprecation, use _CRT_SECURE_NO_WARNINGS. See online help for details.
C:\Program Files (x86)\Windows Kits\10\Include\10.0.18362.0\ucrt\stdio.h(1774): message :  see declaration of 'sprintf'
I:\OmranElmAfzar\OpenSees\OTHER\SuperLU_DIST_4.3\SRC\static_schedule.c(390,1): warning C4996:  'sprintf': This function or variable may be unsafe. Consider using sprintf_s instead. To disable deprecation, use _CRT_SECURE_NO_WARNINGS. See online help for details.
C:\Program Files (x86)\Windows Kits\10\Include\10.0.18362.0\ucrt\stdio.h(1774): message :  see declaration of 'sprintf'
I:\OmranElmAfzar\OpenSees\OTHER\SuperLU_DIST_4.3\SRC\static_schedule.c(401,1): warning C4996:  'sprintf': This function or variable may be unsafe. Consider using sprintf_s instead. To disable deprecation, use _CRT_SECURE_NO_WARNINGS. See online help for details.
C:\Program Files (x86)\Windows Kits\10\Include\10.0.18362.0\ucrt\stdio.h(1774): message :  see declaration of 'sprintf'
I:\OmranElmAfzar\OpenSees\OTHER\SuperLU_DIST_4.3\SRC\static_schedule.c(402,1): warning C4996:  'sprintf': This function or variable may be unsafe. Consider using sprintf_s instead. To disable deprecation, use _CRT_SECURE_NO_WARNINGS. See online help for details.
C:\Program Files (x86)\Windows Kits\10\Include\10.0.18362.0\ucrt\stdio.h(1774): message :  see declaration of 'sprintf'
I:\OmranElmAfzar\OpenSees\OTHER\SuperLU_DIST_4.3\SRC\static_schedule.c(478,1): warning C4996:  'sprintf': This function or variable may be unsafe. Consider using sprintf_s instead. To disable deprecation, use _CRT_SECURE_NO_WARNINGS. See online help for details.
C:\Program Files (x86)\Windows Kits\10\Include\10.0.18362.0\ucrt\stdio.h(1774): message :  see declaration of 'sprintf'
I:\OmranElmAfzar\OpenSees\OTHER\SuperLU_DIST_4.3\SRC\static_schedule.c(479,1): warning C4996:  'sprintf': This function or variable may be unsafe. Consider using sprintf_s instead. To disable deprecation, use _CRT_SECURE_NO_WARNINGS. See online help for details.
C:\Program Files (x86)\Windows Kits\10\Include\10.0.18362.0\ucrt\stdio.h(1774): message :  see declaration of 'sprintf'
I:\OmranElmAfzar\OpenSees\OTHER\SuperLU_DIST_4.3\SRC\static_schedule.c(545,1): warning C4996:  'sprintf': This function or variable may be unsafe. Consider using sprintf_s instead. To disable deprecation, use _CRT_SECURE_NO_WARNINGS. See online help for details.
C:\Program Files (x86)\Windows Kits\10\Include\10.0.18362.0\ucrt\stdio.h(1774): message :  see declaration of 'sprintf'
I:\OmranElmAfzar\OpenSees\OTHER\SuperLU_DIST_4.3\SRC\static_schedule.c(546,1): warning C4996:  'sprintf': This function or variable may be unsafe. Consider using sprintf_s instead. To disable deprecation, use _CRT_SECURE_NO_WARNINGS. See online help for details.
C:\Program Files (x86)\Windows Kits\10\Include\10.0.18362.0\ucrt\stdio.h(1774): message :  see declaration of 'sprintf'
I:\OmranElmAfzar\OpenSees\OTHER\SuperLU_DIST_4.3\SRC\static_schedule.c(607,1): warning C4996:  'sprintf': This function or variable may be unsafe. Consider using sprintf_s instead. To disable deprecation, use _CRT_SECURE_NO_WARNINGS. See online help for details.
C:\Program Files (x86)\Windows Kits\10\Include\10.0.18362.0\ucrt\stdio.h(1774): message :  see declaration of 'sprintf'
I:\OmranElmAfzar\OpenSees\OTHER\SuperLU_DIST_4.3\SRC\static_schedule.c(608,1): warning C4996:  'sprintf': This function or variable may be unsafe. Consider using sprintf_s instead. To disable deprecation, use _CRT_SECURE_NO_WARNINGS. See online help for details.
C:\Program Files (x86)\Windows Kits\10\Include\10.0.18362.0\ucrt\stdio.h(1774): message :  see declaration of 'sprintf'
I:\OmranElmAfzar\OpenSees\OTHER\SuperLU_DIST_4.3\SRC\static_schedule.c(767,1): warning C4996:  'sprintf': This function or variable may be unsafe. Consider using sprintf_s instead. To disable deprecation, use _CRT_SECURE_NO_WARNINGS. See online help for details.
C:\Program Files (x86)\Windows Kits\10\Include\10.0.18362.0\ucrt\stdio.h(1774): message :  see declaration of 'sprintf'
I:\OmranElmAfzar\OpenSees\OTHER\SuperLU_DIST_4.3\SRC\static_schedule.c(810,1): warning C4996:  'sprintf': This function or variable may be unsafe. Consider using sprintf_s instead. To disable deprecation, use _CRT_SECURE_NO_WARNINGS. See online help for details.
C:\Program Files (x86)\Windows Kits\10\Include\10.0.18362.0\ucrt\stdio.h(1774): message :  see declaration of 'sprintf'
I:\OmranElmAfzar\OpenSees\OTHER\SuperLU_DIST_4.3\SRC\static_schedule.c(820,1): warning C4996:  'sprintf': This function or variable may be unsafe. Consider using sprintf_s instead. To disable deprecation, use _CRT_SECURE_NO_WARNINGS. See online help for details.
C:\Program Files (x86)\Windows Kits\10\Include\10.0.18362.0\ucrt\stdio.h(1774): message :  see declaration of 'sprintf'
I:\OmranElmAfzar\OpenSees\OTHER\SuperLU_DIST_4.3\SRC\static_schedule.c(840,1): warning C4996:  'sprintf': This function or variable may be unsafe. Consider using sprintf_s instead. To disable deprecation, use _CRT_SECURE_NO_WARNINGS. See online help for details.
  superlu_grid.c
C:\Program Files (x86)\Windows Kits\10\Include\10.0.18362.0\ucrt\stdio.h(1774): message :  see declaration of 'sprintf'
I:\OmranElmAfzar\OpenSees\OTHER\SuperLU_DIST_4.3\SRC\superlu_grid.c(34,1): warning C4996:  'sprintf': This function or variable may be unsafe. Consider using sprintf_s instead. To disable deprecation, use _CRT_SECURE_NO_WARNINGS. See online help for details.
C:\Program Files (x86)\Windows Kits\10\Include\10.0.18362.0\ucrt\stdio.h(1774): message :  see declaration of 'sprintf'
I:\OmranElmAfzar\OpenSees\OTHER\SuperLU_DIST_4.3\SRC\superlu_grid.c(38,1): warning C4996:  'sprintf': This function or variable may be unsafe. Consider using sprintf_s instead. To disable deprecation, use _CRT_SECURE_NO_WARNINGS. See online help for details.
C:\Program Files (x86)\Windows Kits\10\Include\10.0.18362.0\ucrt\stdio.h(1774): message :  see declaration of 'sprintf'
I:\OmranElmAfzar\OpenSees\OTHER\SuperLU_DIST_4.3\SRC\superlu_grid.c(74,1): warning C4996:  'sprintf': This function or variable may be unsafe. Consider using sprintf_s instead. To disable deprecation, use _CRT_SECURE_NO_WARNINGS. See online help for details.
  superlu_timer.c
  symbfact.c
C:\Program Files (x86)\Windows Kits\10\Include\10.0.18362.0\ucrt\stdio.h(1774): message :  see declaration of 'sprintf'
I:\OmranElmAfzar\OpenSees\OTHER\SuperLU_DIST_4.3\SRC\symbfact.c(176,9): warning C4477:  'printf' : format string '%ld' requires an argument of type 'long', but variadic argument 1 has type '__int64'
I:\OmranElmAfzar\OpenSees\OTHER\SuperLU_DIST_4.3\SRC\symbfact.c(176,9): message :  consider using '%lld' in the format string
I:\OmranElmAfzar\OpenSees\OTHER\SuperLU_DIST_4.3\SRC\symbfact.c(176,9): message :  consider using '%Id' in the format string
I:\OmranElmAfzar\OpenSees\OTHER\SuperLU_DIST_4.3\SRC\symbfact.c(176,9): message :  consider using '%I64d' in the format string
I:\OmranElmAfzar\OpenSees\OTHER\SuperLU_DIST_4.3\SRC\symbfact.c(177,9): warning C4477:  'printf' : format string '%ld' requires an argument of type 'long', but variadic argument 1 has type '__int64'
I:\OmranElmAfzar\OpenSees\OTHER\SuperLU_DIST_4.3\SRC\symbfact.c(177,9): message :  consider using '%lld' in the format string
I:\OmranElmAfzar\OpenSees\OTHER\SuperLU_DIST_4.3\SRC\symbfact.c(177,9): message :  consider using '%Id' in the format string
I:\OmranElmAfzar\OpenSees\OTHER\SuperLU_DIST_4.3\SRC\symbfact.c(177,9): message :  consider using '%I64d' in the format string
I:\OmranElmAfzar\OpenSees\OTHER\SuperLU_DIST_4.3\SRC\symbfact.c(178,9): warning C4477:  'printf' : format string '%ld' requires an argument of type 'long', but variadic argument 1 has type '__int64'
I:\OmranElmAfzar\OpenSees\OTHER\SuperLU_DIST_4.3\SRC\symbfact.c(178,9): message :  consider using '%lld' in the format string
I:\OmranElmAfzar\OpenSees\OTHER\SuperLU_DIST_4.3\SRC\symbfact.c(178,9): message :  consider using '%Id' in the format string
I:\OmranElmAfzar\OpenSees\OTHER\SuperLU_DIST_4.3\SRC\symbfact.c(178,9): message :  consider using '%I64d' in the format string
I:\OmranElmAfzar\OpenSees\OTHER\SuperLU_DIST_4.3\SRC\symbfact.c(179,9): warning C4477:  'printf' : format string '%ld' requires an argument of type 'long', but variadic argument 1 has type '__int64'
I:\OmranElmAfzar\OpenSees\OTHER\SuperLU_DIST_4.3\SRC\symbfact.c(179,9): message :  consider using '%lld' in the format string
I:\OmranElmAfzar\OpenSees\OTHER\SuperLU_DIST_4.3\SRC\symbfact.c(179,9): message :  consider using '%Id' in the format string
I:\OmranElmAfzar\OpenSees\OTHER\SuperLU_DIST_4.3\SRC\symbfact.c(179,9): message :  consider using '%I64d' in the format string
I:\OmranElmAfzar\OpenSees\OTHER\SuperLU_DIST_4.3\SRC\symbfact.c(198,22): warning C4244:  'return': conversion from '__int64' to 'int_t', possible loss of data
I:\OmranElmAfzar\OpenSees\OTHER\SuperLU_DIST_4.3\SRC\symbfact.c(123,1): warning C4996:  'sprintf': This function or variable may be unsafe. Consider using sprintf_s instead. To disable deprecation, use _CRT_SECURE_NO_WARNINGS. See online help for details.
C:\Program Files (x86)\Windows Kits\10\Include\10.0.18362.0\ucrt\stdio.h(1774): message :  see declaration of 'sprintf'
I:\OmranElmAfzar\OpenSees\OTHER\SuperLU_DIST_4.3\SRC\symbfact.c(221,1): warning C4028:  formal parameter 1 different from declaration
I:\OmranElmAfzar\OpenSees\OTHER\SuperLU_DIST_4.3\SRC\symbfact.c(221,1): warning C4028:  formal parameter 3 different from declaration
I:\OmranElmAfzar\OpenSees\OTHER\SuperLU_DIST_4.3\SRC\symbfact.c(710,1): warning C4996:  'sprintf': This function or variable may be unsafe. Consider using sprintf_s instead. To disable deprecation, use _CRT_SECURE_NO_WARNINGS. See online help for details.
  util.c
C:\Program Files (x86)\Windows Kits\10\Include\10.0.18362.0\ucrt\stdio.h(1774): message :  see declaration of 'sprintf'
I:\OmranElmAfzar\OpenSees\OTHER\SuperLU_DIST_4.3\SRC\util.c(149,1): warning C4996:  'sprintf': This function or variable may be unsafe. Consider using sprintf_s instead. To disable deprecation, use _CRT_SECURE_NO_WARNINGS. See online help for details.
C:\Program Files (x86)\Windows Kits\10\Include\10.0.18362.0\ucrt\stdio.h(1774): message :  see declaration of 'sprintf'
I:\OmranElmAfzar\OpenSees\OTHER\SuperLU_DIST_4.3\SRC\util.c(151,1): warning C4996:  'sprintf': This function or variable may be unsafe. Consider using sprintf_s instead. To disable deprecation, use _CRT_SECURE_NO_WARNINGS. See online help for details.
C:\Program Files (x86)\Windows Kits\10\Include\10.0.18362.0\ucrt\stdio.h(1774): message :  see declaration of 'sprintf'
I:\OmranElmAfzar\OpenSees\OTHER\SuperLU_DIST_4.3\SRC\util.c(177,1): warning C4996:  'sprintf': This function or variable may be unsafe. Consider using sprintf_s instead. To disable deprecation, use _CRT_SECURE_NO_WARNINGS. See online help for details.
C:\Program Files (x86)\Windows Kits\10\Include\10.0.18362.0\ucrt\stdio.h(1774): message :  see declaration of 'sprintf'
I:\OmranElmAfzar\OpenSees\OTHER\SuperLU_DIST_4.3\SRC\util.c(180,1): warning C4996:  'sprintf': This function or variable may be unsafe. Consider using sprintf_s instead. To disable deprecation, use _CRT_SECURE_NO_WARNINGS. See online help for details.
C:\Program Files (x86)\Windows Kits\10\Include\10.0.18362.0\ucrt\stdio.h(1774): message :  see declaration of 'sprintf'
I:\OmranElmAfzar\OpenSees\OTHER\SuperLU_DIST_4.3\SRC\util.c(183,1): warning C4996:  'sprintf': This function or variable may be unsafe. Consider using sprintf_s instead. To disable deprecation, use _CRT_SECURE_NO_WARNINGS. See online help for details.
C:\Program Files (x86)\Windows Kits\10\Include\10.0.18362.0\ucrt\stdio.h(1774): message :  see declaration of 'sprintf'
I:\OmranElmAfzar\OpenSees\OTHER\SuperLU_DIST_4.3\SRC\util.c(424,1): warning C4996:  'sprintf': This function or variable may be unsafe. Consider using sprintf_s instead. To disable deprecation, use _CRT_SECURE_NO_WARNINGS. See online help for details.
C:\Program Files (x86)\Windows Kits\10\Include\10.0.18362.0\ucrt\stdio.h(1774): message :  see declaration of 'sprintf'
I:\OmranElmAfzar\OpenSees\OTHER\SuperLU_DIST_4.3\SRC\util.c(465,1): warning C4996:  'sprintf': This function or variable may be unsafe. Consider using sprintf_s instead. To disable deprecation, use _CRT_SECURE_NO_WARNINGS. See online help for details.
C:\Program Files (x86)\Windows Kits\10\Include\10.0.18362.0\ucrt\stdio.h(1774): message :  see declaration of 'sprintf'
I:\OmranElmAfzar\OpenSees\OTHER\SuperLU_DIST_4.3\SRC\util.c(517,1): warning C4996:  'sprintf': This function or variable may be unsafe. Consider using sprintf_s instead. To disable deprecation, use _CRT_SECURE_NO_WARNINGS. See online help for details.
C:\Program Files (x86)\Windows Kits\10\Include\10.0.18362.0\ucrt\stdio.h(1774): message :  see declaration of 'sprintf'
I:\OmranElmAfzar\OpenSees\OTHER\SuperLU_DIST_4.3\SRC\util.c(405,32): warning C4101:  'ptr_to_dbuf': unreferenced local variable
I:\OmranElmAfzar\OpenSees\OTHER\SuperLU_DIST_4.3\SRC\util.c(556,1): warning C4996:  'sprintf': This function or variable may be unsafe. Consider using sprintf_s instead. To disable deprecation, use _CRT_SECURE_NO_WARNINGS. See online help for details.
C:\Program Files (x86)\Windows Kits\10\Include\10.0.18362.0\ucrt\stdio.h(1774): message :  see declaration of 'sprintf'
I:\OmranElmAfzar\OpenSees\OTHER\SuperLU_DIST_4.3\SRC\util.c(558,1): warning C4996:  'sprintf': This function or variable may be unsafe. Consider using sprintf_s instead. To disable deprecation, use _CRT_SECURE_NO_WARNINGS. See online help for details.
C:\Program Files (x86)\Windows Kits\10\Include\10.0.18362.0\ucrt\stdio.h(1774): message :  see declaration of 'sprintf'
I:\OmranElmAfzar\OpenSees\OTHER\SuperLU_DIST_4.3\SRC\util.c(701,1): warning C4996:  'sprintf': This function or variable may be unsafe. Consider using sprintf_s instead. To disable deprecation, use _CRT_SECURE_NO_WARNINGS. See online help for details.
C:\Program Files (x86)\Windows Kits\10\Include\10.0.18362.0\ucrt\stdio.h(1774): message :  see declaration of 'sprintf'
I:\OmranElmAfzar\OpenSees\OTHER\SuperLU_DIST_4.3\SRC\util.c(703,1): warning C4996:  'sprintf': This function or variable may be unsafe. Consider using sprintf_s instead. To disable deprecation, use _CRT_SECURE_NO_WARNINGS. See online help for details.
C:\Program Files (x86)\Windows Kits\10\Include\10.0.18362.0\ucrt\stdio.h(1774): message :  see declaration of 'sprintf'
I:\OmranElmAfzar\OpenSees\OTHER\SuperLU_DIST_4.3\SRC\util.c(746,55): warning C4244:  '=': conversion from 'float' to 'int_t', possible loss of data
I:\OmranElmAfzar\OpenSees\OTHER\SuperLU_DIST_4.3\SRC\util.c(753,47): warning C4244:  '=': conversion from 'float' to 'int_t', possible loss of data
I:\OmranElmAfzar\OpenSees\OTHER\SuperLU_DIST_4.3\SRC\util.c(754,51): warning C4244:  '=': conversion from 'float' to 'int_t', possible loss of data
I:\OmranElmAfzar\OpenSees\OTHER\SuperLU_DIST_4.3\SRC\util.c(772,1): warning C4996:  'sprintf': This function or variable may be unsafe. Consider using sprintf_s instead. To disable deprecation, use _CRT_SECURE_NO_WARNINGS. See online help for details.
  xerr_dist.c
  Generating Code...
C:\Program Files (x86)\Windows Kits\10\Include\10.0.18362.0\ucrt\stdio.h(1774): message :  see declaration of 'sprintf'
  ALLAUX.vcxproj -> I:\OmranElmAfzar\OpenSees\OTHER\SuperLU_DIST_4.3\SuperLU\x64\Release\ALLAUX.lib
