d:\programming\opensees.net\win64\proj\openseesnet\x64\debug\opensees.net.x64.dll.pch
d:\programming\opensees.net\win64\proj\openseesnet\x64\debug\vc142.pdb
d:\programming\opensees.net\win64\proj\openseesnet\x64\debug\stdafx.obj
d:\programming\opensees.net\win64\proj\openseesnet\x64\debug\groudmotionwrapper.obj
d:\programming\opensees.net\win64\proj\openseesnet\x64\debug\domainwrapper.obj
d:\programming\opensees.net\win64\proj\openseesnet\x64\debug\domainevent.obj
d:\programming\opensees.net\win64\proj\openseesnet\x64\debug\basedomainwrapper.obj
d:\programming\opensees.net\win64\proj\openseesnet\x64\debug\constraintwrapper.obj
d:\programming\opensees.net\win64\proj\openseesnet\x64\debug\domaincomponentwrapper.obj
d:\programming\opensees.net\win64\proj\openseesnet\x64\debug\damagemodelwrapper.obj
d:\programming\opensees.net\win64\proj\openseesnet\x64\debug\convergencetestwrapper.obj
d:\programming\opensees.net\win64\proj\openseesnet\x64\debug\assemblyinfo.obj
d:\programming\opensees.net\win64\proj\openseesnet\x64\debug\dof_numbererwrapper.obj
d:\programming\opensees.net\win64\proj\openseesnet\x64\debug\analysismodelwrapper.obj
d:\programming\opensees.net\win64\proj\openseesnet\x64\debug\transientintegratorwrapper.obj
d:\programming\opensees.net\win64\proj\openseesnet\x64\debug\staticintegratorwrapper.obj
d:\programming\opensees.net\win64\proj\openseesnet\x64\debug\integratorwrapper.obj
d:\programming\opensees.net\win64\proj\openseesnet\x64\debug\incrementalintegratorwrapper.obj
d:\programming\opensees.net\win64\proj\openseesnet\x64\debug\constrainthandlerwrapper.obj
d:\programming\opensees.net\win64\proj\openseesnet\x64\debug\analysiswrapper.obj
d:\programming\opensees.net\win64\proj\openseesnet\x64\debug\linesearchwrapper.obj
d:\programming\opensees.net\win64\proj\openseesnet\x64\debug\algorithmswrapper.obj
d:\programming\opensees.net\win64\proj\openseesnet\x64\debug\acceleratorwrapper.obj
d:\programming\opensees.net\win64\proj\openseesnet\x64\debug\trusswrapper.obj
d:\programming\opensees.net\win64\proj\openseesnet\x64\debug\shellwrapper.obj
d:\programming\opensees.net\win64\proj\openseesnet\x64\debug\quadwrapper.obj
d:\programming\opensees.net\win64\proj\openseesnet\x64\debug\surfaceloadwrapper.obj
d:\programming\opensees.net\win64\proj\openseesnet\x64\debug\quad4fiberoverlaywrapper.obj
d:\programming\opensees.net\win64\proj\openseesnet\x64\debug\otherelementwrapper.obj
d:\programming\opensees.net\win64\proj\openseesnet\x64\debug\externalelementwrapper.obj
d:\programming\opensees.net\win64\proj\openseesnet\x64\debug\elementwrapper.obj
d:\programming\opensees.net\win64\proj\openseesnet\x64\debug\crdtransfwrapper.obj
d:\programming\opensees.net\win64\proj\openseesnet\x64\debug\catenarycablewrapper.obj
d:\programming\opensees.net\win64\proj\openseesnet\x64\debug\brickwrapper.obj
d:\programming\opensees.net\win64\proj\openseesnet\x64\debug\bearingwrapper.obj
d:\programming\opensees.net\win64\proj\openseesnet\x64\debug\beamintegrationwrapper.obj
d:\programming\opensees.net\win64\proj\openseesnet\x64\debug\beamcolumnwrapper.obj
d:\programming\opensees.net\win64\proj\openseesnet\x64\debug\baseelementwrapper.obj
d:\programming\opensees.net\win64\proj\openseesnet\x64\debug\adapterwrapper.obj
d:\programming\opensees.net\win64\proj\openseesnet\x64\debug\timeserieswrapper.obj
d:\programming\opensees.net\win64\proj\openseesnet\x64\debug\loadpatternwrapper.obj
d:\programming\opensees.net\win64\proj\openseesnet\x64\debug\nodewrapper.obj
d:\programming\opensees.net\win64\proj\openseesnet\x64\debug\loadwrapper.obj
d:\programming\opensees.net\win64\proj\openseesnet\x64\debug\vectorwrapper.obj
d:\programming\opensees.net\win64\proj\openseesnet\x64\debug\matrixwrapper.obj
d:\programming\opensees.net\win64\proj\openseesnet\x64\debug\idwrapper.obj
d:\programming\opensees.net\win64\proj\openseesnet\x64\debug\yieldsurfacewrapper.obj
d:\programming\opensees.net\win64\proj\openseesnet\x64\debug\uniaxialmaterialwrapper_all.obj
d:\programming\opensees.net\win64\proj\openseesnet\x64\debug\uniaxialmaterialwrapper.obj
d:\programming\opensees.net\win64\proj\openseesnet\x64\debug\limitcurvewrapper.obj
d:\programming\opensees.net\win64\proj\openseesnet\x64\debug\sectionforcedeformationwrapper.obj
d:\programming\opensees.net\win64\proj\openseesnet\x64\debug\sectionrepreswrapper.obj
d:\programming\opensees.net\win64\proj\openseesnet\x64\debug\reinflayerwrapper.obj
d:\programming\opensees.net\win64\proj\openseesnet\x64\debug\patchwrapper.obj
d:\programming\opensees.net\win64\proj\openseesnet\x64\debug\sectionintegrationwrapper.obj
d:\programming\opensees.net\win64\proj\openseesnet\x64\debug\fiberwrapper.obj
d:\programming\opensees.net\win64\proj\openseesnet\x64\debug\ndmaterialwrapper.obj
d:\programming\opensees.net\win64\proj\openseesnet\x64\debug\materialwrapper.obj
d:\programming\opensees.net\win64\proj\openseesnet\x64\debug\handlerwrapper.obj
d:\programming\opensees.net\win64\proj\openseesnet\x64\debug\graphnumbererwrapper.obj
d:\programming\opensees.net\win64\proj\openseesnet\x64\debug\zerolengthelementwrapper.obj
d:\programming\opensees.net\win64\proj\openseesnet\x64\debug\coupledzerolengthwrapper.obj
d:\programming\opensees.net\win64\proj\openseesnet\x64\debug\ulbeamcolumnwrapper.obj
d:\programming\opensees.net\win64\proj\openseesnet\x64\debug\systemofeqnwrapper.obj
d:\programming\opensees.net\win64\proj\openseesnet\x64\debug\symbandeigenwrapper.obj
d:\programming\opensees.net\win64\proj\openseesnet\x64\debug\sparsesymwrapper.obj
d:\programming\opensees.net\win64\proj\openseesnet\x64\debug\sparsegenwrapper.obj
d:\programming\opensees.net\win64\proj\openseesnet\x64\debug\solverwrapper.obj
d:\programming\opensees.net\win64\proj\openseesnet\x64\debug\profilespdwrapper.obj
d:\programming\opensees.net\win64\proj\openseesnet\x64\debug\linearsoewrapper.obj
d:\programming\opensees.net\win64\proj\openseesnet\x64\debug\linearsoesolverwrapper.obj
d:\programming\opensees.net\win64\proj\openseesnet\x64\debug\fullgenwrapper.obj
d:\programming\opensees.net\win64\proj\openseesnet\x64\debug\eigensolverwrapper.obj
d:\programming\opensees.net\win64\proj\openseesnet\x64\debug\eigensoewrapper.obj
d:\programming\opensees.net\win64\proj\openseesnet\x64\debug\diagonalwrapper.obj
d:\programming\opensees.net\win64\proj\openseesnet\x64\debug\bandspdwrapper.obj
d:\programming\opensees.net\win64\proj\openseesnet\x64\debug\bandgenwrapper.obj
d:\programming\opensees.net\win64\proj\openseesnet\x64\debug\arpacksoewrapper.obj
d:\programming\opensees.net\win64\proj\openseesnet\x64\debug\responsewrapper_all.obj
d:\programming\opensees.net\win64\proj\openseesnet\x64\debug\responsewrapper.obj
d:\programming\opensees.net\win64\proj\openseesnet\x64\debug\recorderwrapper.obj
d:\programming\opensees.net\win64\proj\openseesnet\x64\debug\informationwrapper.obj
d:\programming\opensees.net\win64\proj\openseesnet\x64\debug\ops.obj
d:\programming\opensees.net\win64\proj\openseesnet\x64\debug\tclwrapper.obj
d:\programming\opensees.net\win64\proj\openseesnet\x64\debug\modelbuilderevent.obj
d:\programming\opensees.net\win64\proj\openseesnet\x64\debug\taggedobjectwrapper.obj
d:\programming\opensees.net\win64\proj\openseesnet\x64\debug\umfpackgenwrapper.obj
d:\programming\opensees.net\win64\proj\openseesnet\x64\debug\.netframework,version=v4.0.assemblyattributes.obj
d:\programming\opensees.net\win64\proj\openseesnet\x64\debug\.netframework,version=v4.0.assemblyattributes.asm
d:\programming\opensees.net\win64\bin\debug\opensees.net.x64.dll
d:\programming\opensees.net\win64\bin\debug\opensees.net.x64.dll.pdb
d:\programming\opensees.net\win64\proj\openseesnet\x64\debug\app.res
d:\programming\opensees.net\win64\proj\openseesnet\x64\debug\openseesnet.vcxprojassemblyreference.cache
d:\programming\opensees.net\win64\\bin\debug\opensees.net.x64.dll.pdb
d:\programming\opensees.net\win64\proj\openseesnet\x64\debug\openseesnet.tlog\cl.command.1.tlog
d:\programming\opensees.net\win64\proj\openseesnet\x64\debug\openseesnet.tlog\cl.read.1.tlog
d:\programming\opensees.net\win64\proj\openseesnet\x64\debug\openseesnet.tlog\cl.write.1.tlog
d:\programming\opensees.net\win64\proj\openseesnet\x64\debug\openseesnet.tlog\link.command.1.tlog
d:\programming\opensees.net\win64\proj\openseesnet\x64\debug\openseesnet.tlog\link.read.1.tlog
d:\programming\opensees.net\win64\proj\openseesnet\x64\debug\openseesnet.tlog\link.write.1.tlog
d:\programming\opensees.net\win64\proj\openseesnet\x64\debug\openseesnet.tlog\metagen.read.1.tlog
d:\programming\opensees.net\win64\proj\openseesnet\x64\debug\openseesnet.tlog\metagen.write.1.tlog
d:\programming\opensees.net\win64\proj\openseesnet\x64\debug\openseesnet.tlog\rc.command.1.tlog
d:\programming\opensees.net\win64\proj\openseesnet\x64\debug\openseesnet.tlog\rc.read.1.tlog
d:\programming\opensees.net\win64\proj\openseesnet\x64\debug\openseesnet.tlog\rc.write.1.tlog
