  ndmetis.c
C:\Program Files (x86)\Windows Kits\10\Include\10.0.18362.0\ucrt\corecrt_math.h(90,1): warning C4005: 'INFINITY': macro redefinition
F:\OmranElmAfzar\OpenSees\OTHER\metis-5.1.0\GKlib\gk_arch.h(68): message : see previous definition of 'INFINITY'
F:\OmranElmAfzar\OpenSees\OTHER\metis-5.1.0\programs\ndmetis.c(32,3): warning C4244: '-=': conversion from 'double' to 'real_t', possible loss of data
F:\OmranElmAfzar\OpenSees\OTHER\metis-5.1.0\programs\ndmetis.c(34,3): warning C4244: '+=': conversion from 'double' to 'real_t', possible loss of data
F:\OmranElmAfzar\OpenSees\OTHER\metis-5.1.0\programs\ndmetis.c(75,3): warning C4244: '-=': conversion from 'double' to 'real_t', possible loss of data
F:\OmranElmAfzar\OpenSees\OTHER\metis-5.1.0\programs\ndmetis.c(80,3): warning C4244: '+=': conversion from 'double' to 'real_t', possible loss of data
F:\OmranElmAfzar\OpenSees\OTHER\metis-5.1.0\programs\ndmetis.c(93,7): warning C4244: '-=': conversion from 'double' to 'real_t', possible loss of data
F:\OmranElmAfzar\OpenSees\OTHER\metis-5.1.0\programs\ndmetis.c(95,7): warning C4244: '+=': conversion from 'double' to 'real_t', possible loss of data
F:\OmranElmAfzar\OpenSees\OTHER\metis-5.1.0\programs\ndmetis.c(154,3): warning C4244: '-=': conversion from 'double' to 'real_t', possible loss of data
F:\OmranElmAfzar\OpenSees\OTHER\metis-5.1.0\programs\ndmetis.c(158,3): warning C4244: '+=': conversion from 'double' to 'real_t', possible loss of data
  cmdline_ndmetis.c
C:\Program Files (x86)\Windows Kits\10\Include\10.0.18362.0\ucrt\corecrt_math.h(90,1): warning C4005: 'INFINITY': macro redefinition
F:\OmranElmAfzar\OpenSees\OTHER\metis-5.1.0\GKlib\gk_arch.h(68): message : see previous definition of 'INFINITY'
F:\OmranElmAfzar\OpenSees\OTHER\metis-5.1.0\programs\cmdline_ndmetis.c(190,39): warning C4047: 'function': 'int *(__cdecl *)()' differs in levels of indirection from 'int'
F:\OmranElmAfzar\OpenSees\OTHER\metis-5.1.0\programs\cmdline_ndmetis.c(190,35): warning C4024: 'gk_getopt_long_only': different types for formal and actual parameter 1
F:\OmranElmAfzar\OpenSees\OTHER\metis-5.1.0\programs\cmdline_ndmetis.c(190,45): warning C4047: 'function': 'char ***(__cdecl *)()' differs in levels of indirection from 'char **'
F:\OmranElmAfzar\OpenSees\OTHER\metis-5.1.0\programs\cmdline_ndmetis.c(190,41): warning C4024: 'gk_getopt_long_only': different types for formal and actual parameter 2
F:\OmranElmAfzar\OpenSees\OTHER\metis-5.1.0\programs\cmdline_ndmetis.c(153,13): warning C4101: 'k': unreferenced local variable
F:\OmranElmAfzar\OpenSees\OTHER\metis-5.1.0\programs\cmdline_ndmetis.c(153,10): warning C4101: 'j': unreferenced local variable
  io.c
C:\Program Files (x86)\Windows Kits\10\Include\10.0.18362.0\ucrt\corecrt_math.h(90,1): warning C4005: 'INFINITY': macro redefinition
F:\OmranElmAfzar\OpenSees\OTHER\metis-5.1.0\GKlib\gk_arch.h(68): message : see previous definition of 'INFINITY'
F:\OmranElmAfzar\OpenSees\OTHER\metis-5.1.0\programs\io.c(24,12): warning C4101: 'j': unreferenced local variable
F:\OmranElmAfzar\OpenSees\OTHER\metis-5.1.0\programs\io.c(214,16): warning C4018: '>': signed/unsigned mismatch
F:\OmranElmAfzar\OpenSees\OTHER\metis-5.1.0\programs\io.c(180,12): warning C4101: 'j': unreferenced local variable
F:\OmranElmAfzar\OpenSees\OTHER\metis-5.1.0\programs\io.c(288,54): warning C4244: '=': conversion from 'double' to 'real_t', possible loss of data
F:\OmranElmAfzar\OpenSees\OTHER\metis-5.1.0\programs\io.c(381,38): warning C4244: 'function': conversion from 'double' to 'real_t', possible loss of data
F:\OmranElmAfzar\OpenSees\OTHER\metis-5.1.0\programs\io.c(389,32): warning C4244: '=': conversion from 'double' to 'real_t', possible loss of data
  smbfactor.c
C:\Program Files (x86)\Windows Kits\10\Include\10.0.18362.0\ucrt\corecrt_math.h(90,1): warning C4005: 'INFINITY': macro redefinition
F:\OmranElmAfzar\OpenSees\OTHER\metis-5.1.0\GKlib\gk_arch.h(68): message : see previous definition of 'INFINITY'
F:\OmranElmAfzar\OpenSees\OTHER\metis-5.1.0\programs\smbfactor.c(24,15): warning C4101: 'k': unreferenced local variable
F:\OmranElmAfzar\OpenSees\OTHER\metis-5.1.0\programs\smbfactor.c(24,12): warning C4101: 'j': unreferenced local variable
  Generating Code...
  ndmetis.vcxproj -> F:\OmranElmAfzar\OpenSees\OTHER\metis-5.1.0\VS projects\programs\Release\ndmetis.exe
