  akwayfm.c
C:\Program Files (x86)\Windows Kits\10\Include\10.0.18362.0\ucrt\corecrt_math.h(90,1): warning C4005:  'INFINITY': macro redefinition
I:\OmranElmAfzar\OpenSees\OTHER\parmetis-4.0.3\METIS\GKlib\gk_arch.h(69): message :  see previous definition of 'INFINITY'
I:\OmranElmAfzar\OpenSees\OTHER\parmetis-4.0.3\libparmetis\akwayfm.c(363,62): warning C4244:  '=': conversion from 'double' to 'real_t', possible loss of data
  ametis.c
I:\OmranElmAfzar\OpenSees\OTHER\parmetis-4.0.3\libparmetis\akwayfm.c(408,83): warning C4244:  '=': conversion from 'double' to 'real_t', possible loss of data
C:\Program Files (x86)\Windows Kits\10\Include\10.0.18362.0\ucrt\corecrt_math.h(90,1): warning C4005:  'INFINITY': macro redefinition
I:\OmranElmAfzar\OpenSees\OTHER\parmetis-4.0.3\METIS\GKlib\gk_arch.h(69): message :  see previous definition of 'INFINITY'
I:\OmranElmAfzar\OpenSees\OTHER\parmetis-4.0.3\libparmetis\ametis.c(142,66): warning C4244:  '=': conversion from 'double' to 'real_t', possible loss of data
  balancemylink.c
I:\OmranElmAfzar\OpenSees\OTHER\parmetis-4.0.3\libparmetis\ametis.c(143,67): warning C4244:  '=': conversion from 'double' to 'real_t', possible loss of data
C:\Program Files (x86)\Windows Kits\10\Include\10.0.18362.0\ucrt\corecrt_math.h(90,1): warning C4005:  'INFINITY': macro redefinition
I:\OmranElmAfzar\OpenSees\OTHER\parmetis-4.0.3\METIS\GKlib\gk_arch.h(69): message :  see previous definition of 'INFINITY'
I:\OmranElmAfzar\OpenSees\OTHER\parmetis-4.0.3\libparmetis\balancemylink.c(67,35): warning C4244:  '=': conversion from 'double' to 'real_t', possible loss of data
I:\OmranElmAfzar\OpenSees\OTHER\parmetis-4.0.3\libparmetis\balancemylink.c(180,30): warning C4244:  '=': conversion from 'double' to 'real_t', possible loss of data
I:\OmranElmAfzar\OpenSees\OTHER\parmetis-4.0.3\libparmetis\balancemylink.c(230,76): warning C4244:  '+=': conversion from 'double' to 'real_t', possible loss of data
I:\OmranElmAfzar\OpenSees\OTHER\parmetis-4.0.3\libparmetis\balancemylink.c(237,28): warning C4244:  '=': conversion from 'double' to 'real_t', possible loss of data
I:\OmranElmAfzar\OpenSees\OTHER\parmetis-4.0.3\libparmetis\balancemylink.c(310,41): warning C4244:  '=': conversion from 'double' to 'real_t', possible loss of data
  comm.c
I:\OmranElmAfzar\OpenSees\OTHER\parmetis-4.0.3\libparmetis\balancemylink.c(312,50): warning C4244:  '=': conversion from 'double' to 'real_t', possible loss of data
C:\Program Files (x86)\Windows Kits\10\Include\10.0.18362.0\ucrt\corecrt_math.h(90,1): warning C4005:  'INFINITY': macro redefinition
  csrmatch.c
I:\OmranElmAfzar\OpenSees\OTHER\parmetis-4.0.3\METIS\GKlib\gk_arch.h(69): message :  see previous definition of 'INFINITY'
C:\Program Files (x86)\Windows Kits\10\Include\10.0.18362.0\ucrt\corecrt_math.h(90,1): warning C4005:  'INFINITY': macro redefinition
I:\OmranElmAfzar\OpenSees\OTHER\parmetis-4.0.3\METIS\GKlib\gk_arch.h(69): message :  see previous definition of 'INFINITY'
I:\OmranElmAfzar\OpenSees\OTHER\parmetis-4.0.3\libparmetis\csrmatch.c(45,50): warning C4244:  '=': conversion from 'double' to 'real_t', possible loss of data
  ctrl.c
I:\OmranElmAfzar\OpenSees\OTHER\parmetis-4.0.3\libparmetis\csrmatch.c(68,46): warning C4244:  '=': conversion from 'double' to 'real_t', possible loss of data
C:\Program Files (x86)\Windows Kits\10\Include\10.0.18362.0\ucrt\corecrt_math.h(90,1): warning C4005:  'INFINITY': macro redefinition
I:\OmranElmAfzar\OpenSees\OTHER\parmetis-4.0.3\METIS\GKlib\gk_arch.h(69): message :  see previous definition of 'INFINITY'
I:\OmranElmAfzar\OpenSees\OTHER\parmetis-4.0.3\libparmetis\ctrl.c(101,44): warning C4244:  '=': conversion from 'double' to 'real_t', possible loss of data
I:\OmranElmAfzar\OpenSees\OTHER\parmetis-4.0.3\libparmetis\ctrl.c(106,50): warning C4305:  'function': truncation from 'double' to 'real_t'
  debug.c
I:\OmranElmAfzar\OpenSees\OTHER\parmetis-4.0.3\libparmetis\ctrl.c(133,88): warning C4244:  '=': conversion from 'double' to 'real_t', possible loss of data
C:\Program Files (x86)\Windows Kits\10\Include\10.0.18362.0\ucrt\corecrt_math.h(90,1): warning C4005:  'INFINITY': macro redefinition
  diffutil.c
I:\OmranElmAfzar\OpenSees\OTHER\parmetis-4.0.3\METIS\GKlib\gk_arch.h(69): message :  see previous definition of 'INFINITY'
C:\Program Files (x86)\Windows Kits\10\Include\10.0.18362.0\ucrt\corecrt_math.h(90,1): warning C4005:  'INFINITY': macro redefinition
I:\OmranElmAfzar\OpenSees\OTHER\parmetis-4.0.3\METIS\GKlib\gk_arch.h(69): message :  see previous definition of 'INFINITY'
  frename.c
I:\OmranElmAfzar\OpenSees\OTHER\parmetis-4.0.3\libparmetis\diffutil.c(202,35): warning C4244:  '=': conversion from 'double' to 'real_t', possible loss of data
C:\Program Files (x86)\Windows Kits\10\Include\10.0.18362.0\ucrt\corecrt_math.h(90,1): warning C4005:  'INFINITY': macro redefinition
  gkmetis.c
I:\OmranElmAfzar\OpenSees\OTHER\parmetis-4.0.3\METIS\GKlib\gk_arch.h(69): message :  see previous definition of 'INFINITY'
C:\Program Files (x86)\Windows Kits\10\Include\10.0.18362.0\ucrt\corecrt_math.h(90,1): warning C4005:  'INFINITY': macro redefinition
I:\OmranElmAfzar\OpenSees\OTHER\parmetis-4.0.3\METIS\GKlib\gk_arch.h(69): message :  see previous definition of 'INFINITY'
I:\OmranElmAfzar\OpenSees\OTHER\parmetis-4.0.3\libparmetis\gkmetis.c(29,45): warning C4101:  'seed': unreferenced local variable
I:\OmranElmAfzar\OpenSees\OTHER\parmetis-4.0.3\libparmetis\gkmetis.c(29,51): warning C4101:  'dbglvl': unreferenced local variable
  gkmpi.c
I:\OmranElmAfzar\OpenSees\OTHER\parmetis-4.0.3\libparmetis\gkmetis.c(29,9): warning C4101:  'h': unreferenced local variable
C:\Program Files (x86)\Windows Kits\10\Include\10.0.18362.0\ucrt\corecrt_math.h(90,1): warning C4005:  'INFINITY': macro redefinition
  graph.c
I:\OmranElmAfzar\OpenSees\OTHER\parmetis-4.0.3\METIS\GKlib\gk_arch.h(69): message :  see previous definition of 'INFINITY'
C:\Program Files (x86)\Windows Kits\10\Include\10.0.18362.0\ucrt\corecrt_math.h(90,1): warning C4005:  'INFINITY': macro redefinition
I:\OmranElmAfzar\OpenSees\OTHER\parmetis-4.0.3\METIS\GKlib\gk_arch.h(69): message :  see previous definition of 'INFINITY'
I:\OmranElmAfzar\OpenSees\OTHER\parmetis-4.0.3\libparmetis\graph.c(69,78): warning C4244:  '=': conversion from 'double' to 'real_t', possible loss of data
I:\OmranElmAfzar\OpenSees\OTHER\parmetis-4.0.3\libparmetis\graph.c(28,12): warning C4101:  'j': unreferenced local variable
  initbalance.c
I:\OmranElmAfzar\OpenSees\OTHER\parmetis-4.0.3\libparmetis\graph.c(28,9): warning C4101:  'i': unreferenced local variable
C:\Program Files (x86)\Windows Kits\10\Include\10.0.18362.0\ucrt\corecrt_math.h(90,1): warning C4005:  'INFINITY': macro redefinition
I:\OmranElmAfzar\OpenSees\OTHER\parmetis-4.0.3\METIS\GKlib\gk_arch.h(69): message :  see previous definition of 'INFINITY'
I:\OmranElmAfzar\OpenSees\OTHER\parmetis-4.0.3\libparmetis\initbalance.c(149,61): warning C4244:  '=': conversion from 'double' to 'real_t', possible loss of data
I:\OmranElmAfzar\OpenSees\OTHER\parmetis-4.0.3\libparmetis\initbalance.c(188,27): warning C4244:  '=': conversion from 'double' to 'real_t', possible loss of data
  initmsection.c
I:\OmranElmAfzar\OpenSees\OTHER\parmetis-4.0.3\libparmetis\initbalance.c(312,87): warning C4244:  '=': conversion from 'double' to 'real_t', possible loss of data
C:\Program Files (x86)\Windows Kits\10\Include\10.0.18362.0\ucrt\corecrt_math.h(90,1): warning C4005:  'INFINITY': macro redefinition
  initpart.c
I:\OmranElmAfzar\OpenSees\OTHER\parmetis-4.0.3\METIS\GKlib\gk_arch.h(69): message :  see previous definition of 'INFINITY'
C:\Program Files (x86)\Windows Kits\10\Include\10.0.18362.0\ucrt\corecrt_math.h(90,1): warning C4005:  'INFINITY': macro redefinition
I:\OmranElmAfzar\OpenSees\OTHER\parmetis-4.0.3\METIS\GKlib\gk_arch.h(69): message :  see previous definition of 'INFINITY'
I:\OmranElmAfzar\OpenSees\OTHER\parmetis-4.0.3\libparmetis\initpart.c(88,59): warning C4244:  '=': conversion from 'double' to 'real_t', possible loss of data
  kmetis.c
I:\OmranElmAfzar\OpenSees\OTHER\parmetis-4.0.3\libparmetis\initpart.c(130,25): warning C4244:  '=': conversion from 'double' to 'real_t', possible loss of data
C:\Program Files (x86)\Windows Kits\10\Include\10.0.18362.0\ucrt\corecrt_math.h(90,1): warning C4005:  'INFINITY': macro redefinition
I:\OmranElmAfzar\OpenSees\OTHER\parmetis-4.0.3\METIS\GKlib\gk_arch.h(69): message :  see previous definition of 'INFINITY'
I:\OmranElmAfzar\OpenSees\OTHER\parmetis-4.0.3\libparmetis\kmetis.c(27,42): warning C4101:  'seed': unreferenced local variable
I:\OmranElmAfzar\OpenSees\OTHER\parmetis-4.0.3\libparmetis\kmetis.c(27,48): warning C4101:  'dbglvl': unreferenced local variable
I:\OmranElmAfzar\OpenSees\OTHER\parmetis-4.0.3\libparmetis\kmetis.c(27,12): warning C4101:  'i': unreferenced local variable
  kwayrefine.c
I:\OmranElmAfzar\OpenSees\OTHER\parmetis-4.0.3\libparmetis\kmetis.c(27,9): warning C4101:  'h': unreferenced local variable
C:\Program Files (x86)\Windows Kits\10\Include\10.0.18362.0\ucrt\corecrt_math.h(90,1): warning C4005:  'INFINITY': macro redefinition
I:\OmranElmAfzar\OpenSees\OTHER\parmetis-4.0.3\METIS\GKlib\gk_arch.h(69): message :  see previous definition of 'INFINITY'
I:\OmranElmAfzar\OpenSees\OTHER\parmetis-4.0.3\libparmetis\kwayrefine.c(524,64): warning C4244:  '=': conversion from 'double' to 'real_t', possible loss of data
  match.c
I:\OmranElmAfzar\OpenSees\OTHER\parmetis-4.0.3\libparmetis\kwayrefine.c(569,83): warning C4244:  '=': conversion from 'double' to 'real_t', possible loss of data
C:\Program Files (x86)\Windows Kits\10\Include\10.0.18362.0\ucrt\corecrt_math.h(90,1): warning C4005:  'INFINITY': macro redefinition
I:\OmranElmAfzar\OpenSees\OTHER\parmetis-4.0.3\METIS\GKlib\gk_arch.h(69): message :  see previous definition of 'INFINITY'
I:\OmranElmAfzar\OpenSees\OTHER\parmetis-4.0.3\libparmetis\match.c(39,46): warning C4244:  '=': conversion from 'double' to 'real_t', possible loss of data
  mdiffusion.c
I:\OmranElmAfzar\OpenSees\OTHER\parmetis-4.0.3\libparmetis\match.c(360,44): warning C4244:  '=': conversion from 'double' to 'real_t', possible loss of data
C:\Program Files (x86)\Windows Kits\10\Include\10.0.18362.0\ucrt\corecrt_math.h(90,1): warning C4005:  'INFINITY': macro redefinition
I:\OmranElmAfzar\OpenSees\OTHER\parmetis-4.0.3\METIS\GKlib\gk_arch.h(69): message :  see previous definition of 'INFINITY'
I:\OmranElmAfzar\OpenSees\OTHER\parmetis-4.0.3\libparmetis\mdiffusion.c(111,66): warning C4244:  '=': conversion from 'double' to 'real_t', possible loss of data
I:\OmranElmAfzar\OpenSees\OTHER\parmetis-4.0.3\libparmetis\mdiffusion.c(113,47): warning C4305:  'function': truncation from 'double' to 'real_t'
I:\OmranElmAfzar\OpenSees\OTHER\parmetis-4.0.3\libparmetis\mdiffusion.c(192,58): warning C4244:  '=': conversion from 'double' to 'real_t', possible loss of data
  mesh.c
I:\OmranElmAfzar\OpenSees\OTHER\parmetis-4.0.3\libparmetis\mdiffusion.c(221,68): warning C4244:  'function': conversion from 'double' to 'real_t', possible loss of data
C:\Program Files (x86)\Windows Kits\10\Include\10.0.18362.0\ucrt\corecrt_math.h(90,1): warning C4005:  'INFINITY': macro redefinition
  Generating Code...
  Compiling...
  mmetis.c
I:\OmranElmAfzar\OpenSees\OTHER\parmetis-4.0.3\METIS\GKlib\gk_arch.h(69): message :  see previous definition of 'INFINITY'
C:\Program Files (x86)\Windows Kits\10\Include\10.0.18362.0\ucrt\corecrt_math.h(90,1): warning C4005:  'INFINITY': macro redefinition
I:\OmranElmAfzar\OpenSees\OTHER\parmetis-4.0.3\METIS\GKlib\gk_arch.h(69): message :  see previous definition of 'INFINITY'
I:\OmranElmAfzar\OpenSees\OTHER\parmetis-4.0.3\libparmetis\mmetis.c(28,35): warning C4101:  'gnedges': unreferenced local variable
  move.c
I:\OmranElmAfzar\OpenSees\OTHER\parmetis-4.0.3\libparmetis\mmetis.c(28,9): warning C4101:  'i': unreferenced local variable
C:\Program Files (x86)\Windows Kits\10\Include\10.0.18362.0\ucrt\corecrt_math.h(90,1): warning C4005:  'INFINITY': macro redefinition
  msetup.c
I:\OmranElmAfzar\OpenSees\OTHER\parmetis-4.0.3\METIS\GKlib\gk_arch.h(69): message :  see previous definition of 'INFINITY'
C:\Program Files (x86)\Windows Kits\10\Include\10.0.18362.0\ucrt\corecrt_math.h(90,1): warning C4005:  'INFINITY': macro redefinition
  node_refine.c
I:\OmranElmAfzar\OpenSees\OTHER\parmetis-4.0.3\METIS\GKlib\gk_arch.h(69): message :  see previous definition of 'INFINITY'
C:\Program Files (x86)\Windows Kits\10\Include\10.0.18362.0\ucrt\corecrt_math.h(90,1): warning C4005:  'INFINITY': macro redefinition
I:\OmranElmAfzar\OpenSees\OTHER\parmetis-4.0.3\METIS\GKlib\gk_arch.h(69): message :  see previous definition of 'INFINITY'
I:\OmranElmAfzar\OpenSees\OTHER\parmetis-4.0.3\libparmetis\node_refine.c(29,23): warning C4101:  'myrinfo': unreferenced local variable
I:\OmranElmAfzar\OpenSees\OTHER\parmetis-4.0.3\libparmetis\node_refine.c(29,15): warning C4101:  'rinfo': unreferenced local variable
I:\OmranElmAfzar\OpenSees\OTHER\parmetis-4.0.3\libparmetis\node_refine.c(67,20): warning C4101:  'otherwgt': unreferenced local variable
I:\OmranElmAfzar\OpenSees\OTHER\parmetis-4.0.3\libparmetis\node_refine.c(138,20): warning C4101:  'otherwgt': unreferenced local variable
I:\OmranElmAfzar\OpenSees\OTHER\parmetis-4.0.3\libparmetis\node_refine.c(275,71): warning C4244:  '=': conversion from 'real_t' to 'idx_t', possible loss of data
I:\OmranElmAfzar\OpenSees\OTHER\parmetis-4.0.3\libparmetis\node_refine.c(325,60): warning C4244:  'function': conversion from 'idx_t' to 'real_t', possible loss of data
I:\OmranElmAfzar\OpenSees\OTHER\parmetis-4.0.3\libparmetis\node_refine.c(366,76): warning C4244:  'function': conversion from 'idx_t' to 'real_t', possible loss of data
I:\OmranElmAfzar\OpenSees\OTHER\parmetis-4.0.3\libparmetis\node_refine.c(376,76): warning C4244:  'function': conversion from 'idx_t' to 'real_t', possible loss of data
I:\OmranElmAfzar\OpenSees\OTHER\parmetis-4.0.3\libparmetis\node_refine.c(678,75): warning C4305:  'function': truncation from 'double' to 'real_t'
  ometis.c
I:\OmranElmAfzar\OpenSees\OTHER\parmetis-4.0.3\libparmetis\node_refine.c(578,15): warning C4101:  'k': unreferenced local variable
C:\Program Files (x86)\Windows Kits\10\Include\10.0.18362.0\ucrt\corecrt_math.h(90,1): warning C4005:  'INFINITY': macro redefinition
I:\OmranElmAfzar\OpenSees\OTHER\parmetis-4.0.3\METIS\GKlib\gk_arch.h(69): message :  see previous definition of 'INFINITY'
I:\OmranElmAfzar\OpenSees\OTHER\parmetis-4.0.3\libparmetis\ometis.c(144,74): warning C4244:  '=': conversion from 'double' to 'real_t', possible loss of data
I:\OmranElmAfzar\OpenSees\OTHER\parmetis-4.0.3\libparmetis\ometis.c(228,44): warning C4244:  '=': conversion from 'double' to 'idx_t', possible loss of data
  pspases.c
I:\OmranElmAfzar\OpenSees\OTHER\parmetis-4.0.3\libparmetis\ometis.c(282,43): warning C4101:  'imap': unreferenced local variable
C:\Program Files (x86)\Windows Kits\10\Include\10.0.18362.0\ucrt\corecrt_math.h(90,1): warning C4005:  'INFINITY': macro redefinition
  redomylink.c
I:\OmranElmAfzar\OpenSees\OTHER\parmetis-4.0.3\METIS\GKlib\gk_arch.h(69): message :  see previous definition of 'INFINITY'
C:\Program Files (x86)\Windows Kits\10\Include\10.0.18362.0\ucrt\corecrt_math.h(90,1): warning C4005:  'INFINITY': macro redefinition
I:\OmranElmAfzar\OpenSees\OTHER\parmetis-4.0.3\METIS\GKlib\gk_arch.h(69): message :  see previous definition of 'INFINITY'
I:\OmranElmAfzar\OpenSees\OTHER\parmetis-4.0.3\libparmetis\redomylink.c(76,35): warning C4244:  '=': conversion from 'double' to 'real_t', possible loss of data
I:\OmranElmAfzar\OpenSees\OTHER\parmetis-4.0.3\libparmetis\redomylink.c(127,52): warning C4305:  'function': truncation from 'double' to 'real_t'
I:\OmranElmAfzar\OpenSees\OTHER\parmetis-4.0.3\libparmetis\redomylink.c(134,42): warning C4244:  '=': conversion from 'double' to 'real_t', possible loss of data
  remap.c
I:\OmranElmAfzar\OpenSees\OTHER\parmetis-4.0.3\libparmetis\redomylink.c(136,50): warning C4244:  '=': conversion from 'double' to 'real_t', possible loss of data
C:\Program Files (x86)\Windows Kits\10\Include\10.0.18362.0\ucrt\corecrt_math.h(90,1): warning C4005:  'INFINITY': macro redefinition
I:\OmranElmAfzar\OpenSees\OTHER\parmetis-4.0.3\METIS\GKlib\gk_arch.h(69): message :  see previous definition of 'INFINITY'
  renumber.c
I:\OmranElmAfzar\OpenSees\OTHER\parmetis-4.0.3\libparmetis\remap.c(83,41): warning C4267:  '=': conversion from 'size_t' to 'idx_t', possible loss of data
C:\Program Files (x86)\Windows Kits\10\Include\10.0.18362.0\ucrt\corecrt_math.h(90,1): warning C4005:  'INFINITY': macro redefinition
  rmetis.c
I:\OmranElmAfzar\OpenSees\OTHER\parmetis-4.0.3\METIS\GKlib\gk_arch.h(69): message :  see previous definition of 'INFINITY'
C:\Program Files (x86)\Windows Kits\10\Include\10.0.18362.0\ucrt\corecrt_math.h(90,1): warning C4005:  'INFINITY': macro redefinition
  selectq.c
I:\OmranElmAfzar\OpenSees\OTHER\parmetis-4.0.3\METIS\GKlib\gk_arch.h(69): message :  see previous definition of 'INFINITY'
C:\Program Files (x86)\Windows Kits\10\Include\10.0.18362.0\ucrt\corecrt_math.h(90,1): warning C4005:  'INFINITY': macro redefinition
I:\OmranElmAfzar\OpenSees\OTHER\parmetis-4.0.3\METIS\GKlib\gk_arch.h(69): message :  see previous definition of 'INFINITY'
  serial.c
I:\OmranElmAfzar\OpenSees\OTHER\parmetis-4.0.3\libparmetis\selectq.c(45,36): warning C4244:  '=': conversion from 'double' to 'real_t', possible loss of data
C:\Program Files (x86)\Windows Kits\10\Include\10.0.18362.0\ucrt\corecrt_math.h(90,1): warning C4005:  'INFINITY': macro redefinition
I:\OmranElmAfzar\OpenSees\OTHER\parmetis-4.0.3\METIS\GKlib\gk_arch.h(69): message :  see previous definition of 'INFINITY'
I:\OmranElmAfzar\OpenSees\OTHER\parmetis-4.0.3\libparmetis\serial.c(560,46): warning C4244:  '=': conversion from 'double' to 'idx_t', possible loss of data
I:\OmranElmAfzar\OpenSees\OTHER\parmetis-4.0.3\libparmetis\serial.c(568,42): warning C4267:  '=': conversion from 'size_t' to 'idx_t', possible loss of data
I:\OmranElmAfzar\OpenSees\OTHER\parmetis-4.0.3\libparmetis\serial.c(587,45): warning C4244:  '=': conversion from 'double' to 'real_t', possible loss of data
I:\OmranElmAfzar\OpenSees\OTHER\parmetis-4.0.3\libparmetis\serial.c(618,49): warning C4244:  '=': conversion from 'double' to 'real_t', possible loss of data
I:\OmranElmAfzar\OpenSees\OTHER\parmetis-4.0.3\libparmetis\serial.c(790,43): warning C4244:  '=': conversion from 'double' to 'real_t', possible loss of data
I:\OmranElmAfzar\OpenSees\OTHER\parmetis-4.0.3\libparmetis\serial.c(808,49): warning C4244:  '=': conversion from 'double' to 'real_t', possible loss of data
I:\OmranElmAfzar\OpenSees\OTHER\parmetis-4.0.3\libparmetis\serial.c(811,17): warning C4244:  'return': conversion from 'double' to 'real_t', possible loss of data
I:\OmranElmAfzar\OpenSees\OTHER\parmetis-4.0.3\libparmetis\serial.c(855,46): warning C4244:  '=': conversion from 'double' to 'idx_t', possible loss of data
I:\OmranElmAfzar\OpenSees\OTHER\parmetis-4.0.3\libparmetis\serial.c(864,42): warning C4267:  '=': conversion from 'size_t' to 'idx_t', possible loss of data
I:\OmranElmAfzar\OpenSees\OTHER\parmetis-4.0.3\libparmetis\serial.c(875,43): warning C4267:  '=': conversion from 'size_t' to 'idx_t', possible loss of data
I:\OmranElmAfzar\OpenSees\OTHER\parmetis-4.0.3\libparmetis\serial.c(890,43): warning C4244:  '=': conversion from 'double' to 'real_t', possible loss of data
I:\OmranElmAfzar\OpenSees\OTHER\parmetis-4.0.3\libparmetis\serial.c(924,47): warning C4244:  '=': conversion from 'double' to 'real_t', possible loss of data
I:\OmranElmAfzar\OpenSees\OTHER\parmetis-4.0.3\libparmetis\serial.c(821,12): warning C4101:  'ii': unreferenced local variable
I:\OmranElmAfzar\OpenSees\OTHER\parmetis-4.0.3\libparmetis\serial.c(1058,42): warning C4267:  '=': conversion from 'size_t' to 'idx_t', possible loss of data
  stat.c
I:\OmranElmAfzar\OpenSees\OTHER\parmetis-4.0.3\libparmetis\serial.c(1019,12): warning C4101:  'ii': unreferenced local variable
C:\Program Files (x86)\Windows Kits\10\Include\10.0.18362.0\ucrt\corecrt_math.h(90,1): warning C4005:  'INFINITY': macro redefinition
I:\OmranElmAfzar\OpenSees\OTHER\parmetis-4.0.3\METIS\GKlib\gk_arch.h(69): message :  see previous definition of 'INFINITY'
  timer.c
I:\OmranElmAfzar\OpenSees\OTHER\parmetis-4.0.3\libparmetis\stat.c(48,103): warning C4244:  '=': conversion from 'double' to 'real_t', possible loss of data
C:\Program Files (x86)\Windows Kits\10\Include\10.0.18362.0\ucrt\corecrt_math.h(90,1): warning C4005:  'INFINITY': macro redefinition
  util.c
I:\OmranElmAfzar\OpenSees\OTHER\parmetis-4.0.3\METIS\GKlib\gk_arch.h(69): message :  see previous definition of 'INFINITY'
C:\Program Files (x86)\Windows Kits\10\Include\10.0.18362.0\ucrt\corecrt_math.h(90,1): warning C4005:  'INFINITY': macro redefinition
I:\OmranElmAfzar\OpenSees\OTHER\parmetis-4.0.3\METIS\GKlib\gk_arch.h(69): message :  see previous definition of 'INFINITY'
I:\OmranElmAfzar\OpenSees\OTHER\parmetis-4.0.3\libparmetis\util.c(245,24): warning C4244:  '+=': conversion from 'double' to 'real_t', possible loss of data
I:\OmranElmAfzar\OpenSees\OTHER\parmetis-4.0.3\libparmetis\util.c(268,25): warning C4244:  '=': conversion from 'double' to 'real_t', possible loss of data
I:\OmranElmAfzar\OpenSees\OTHER\parmetis-4.0.3\libparmetis\util.c(269,25): warning C4244:  '=': conversion from 'double' to 'real_t', possible loss of data
I:\OmranElmAfzar\OpenSees\OTHER\parmetis-4.0.3\libparmetis\util.c(273,45): warning C4244:  '+=': conversion from 'double' to 'real_t', possible loss of data
  wave.c
I:\OmranElmAfzar\OpenSees\OTHER\parmetis-4.0.3\libparmetis\util.c(274,45): warning C4244:  '+=': conversion from 'double' to 'real_t', possible loss of data
C:\Program Files (x86)\Windows Kits\10\Include\10.0.18362.0\ucrt\corecrt_math.h(90,1): warning C4005:  'INFINITY': macro redefinition
I:\OmranElmAfzar\OpenSees\OTHER\parmetis-4.0.3\METIS\GKlib\gk_arch.h(69): message :  see previous definition of 'INFINITY'
I:\OmranElmAfzar\OpenSees\OTHER\parmetis-4.0.3\libparmetis\wave.c(44,20): warning C4305:  '=': truncation from 'double' to 'real_t'
I:\OmranElmAfzar\OpenSees\OTHER\parmetis-4.0.3\libparmetis\wave.c(45,53): warning C4244:  '=': conversion from 'double' to 'real_t', possible loss of data
I:\OmranElmAfzar\OpenSees\OTHER\parmetis-4.0.3\libparmetis\wave.c(46,53): warning C4244:  '=': conversion from 'double' to 'real_t', possible loss of data
I:\OmranElmAfzar\OpenSees\OTHER\parmetis-4.0.3\libparmetis\wave.c(47,53): warning C4244:  '=': conversion from 'double' to 'real_t', possible loss of data
I:\OmranElmAfzar\OpenSees\OTHER\parmetis-4.0.3\libparmetis\wave.c(85,36): warning C4267:  '=': conversion from 'size_t' to 'idx_t', possible loss of data
I:\OmranElmAfzar\OpenSees\OTHER\parmetis-4.0.3\libparmetis\wave.c(132,47): warning C4305:  'function': truncation from 'double' to 'real_t'
  weird.c
I:\OmranElmAfzar\OpenSees\OTHER\parmetis-4.0.3\libparmetis\wave.c(253,15): warning C4102:  'CleanUpAndExit': unreferenced label
C:\Program Files (x86)\Windows Kits\10\Include\10.0.18362.0\ucrt\corecrt_math.h(90,1): warning C4005:  'INFINITY': macro redefinition
  wspace.c
I:\OmranElmAfzar\OpenSees\OTHER\parmetis-4.0.3\METIS\GKlib\gk_arch.h(69): message :  see previous definition of 'INFINITY'
C:\Program Files (x86)\Windows Kits\10\Include\10.0.18362.0\ucrt\corecrt_math.h(90,1): warning C4005:  'INFINITY': macro redefinition
I:\OmranElmAfzar\OpenSees\OTHER\parmetis-4.0.3\METIS\GKlib\gk_arch.h(69): message :  see previous definition of 'INFINITY'
  xyzpart.c
I:\OmranElmAfzar\OpenSees\OTHER\parmetis-4.0.3\libparmetis\wspace.c(106,35): warning C4267:  'return': conversion from 'size_t' to 'idx_t', possible loss of data
C:\Program Files (x86)\Windows Kits\10\Include\10.0.18362.0\ucrt\corecrt_math.h(90,1): warning C4005:  'INFINITY': macro redefinition
I:\OmranElmAfzar\OpenSees\OTHER\parmetis-4.0.3\METIS\GKlib\gk_arch.h(69): message :  see previous definition of 'INFINITY'
I:\OmranElmAfzar\OpenSees\OTHER\parmetis-4.0.3\libparmetis\xyzpart.c(107,50): warning C4244:  '=': conversion from 'double' to 'real_t', possible loss of data
I:\OmranElmAfzar\OpenSees\OTHER\parmetis-4.0.3\libparmetis\xyzpart.c(155,53): warning C4244:  '=': conversion from 'double' to 'real_t', possible loss of data
I:\OmranElmAfzar\OpenSees\OTHER\parmetis-4.0.3\libparmetis\xyzpart.c(77,10): warning C4101:  'vtxdist': unreferenced local variable
I:\OmranElmAfzar\OpenSees\OTHER\parmetis-4.0.3\libparmetis\xyzpart.c(221,46): warning C4244:  '=': conversion from 'double' to 'real_t', possible loss of data
I:\OmranElmAfzar\OpenSees\OTHER\parmetis-4.0.3\libparmetis\xyzpart.c(275,53): warning C4244:  '=': conversion from 'double' to 'real_t', possible loss of data
  Generating Code...
I:\OmranElmAfzar\OpenSees\OTHER\parmetis-4.0.3\libparmetis\xyzpart.c(185,10): warning C4101:  'vtxdist': unreferenced local variable
  parmetis.vcxproj -> I:\OmranElmAfzar\OpenSees\OTHER\parmetis-4.0.3\VS Projects\libparmetis\Release\parmetis.lib
